{"C:\\New folder (2)\\Procurement-System\\Server\\src\\controller\\account.controller.ts": {"path":"C:\\New folder (2)\\Procurement-System\\Server\\src\\controller\\account.controller.ts","statementMap":{"0":{"start":{"line":3,"column":0},"end":{"line":3,"column":59}},"1":{"start":{"line":4,"column":0},"end":{"line":4,"column":48}},"2":{"start":{"line":5,"column":0},"end":{"line":5,"column":57}},"3":{"start":{"line":7,"column":15},"end":{"line":15,"column":2}},"4":{"start":{"line":7,"column":53},"end":{"line":15,"column":2}},"5":{"start":{"line":8,"column":2},"end":{"line":14,"column":null}},"6":{"start":{"line":9,"column":16},"end":{"line":9,"column":24}},"7":{"start":{"line":10,"column":19},"end":{"line":10,"column":50}},"8":{"start":{"line":11,"column":4},"end":{"line":11,"column":33}},"9":{"start":{"line":13,"column":4},"end":{"line":13,"column":39}},"10":{"start":{"line":17,"column":14},"end":{"line":25,"column":2}},"11":{"start":{"line":17,"column":52},"end":{"line":25,"column":2}},"12":{"start":{"line":18,"column":2},"end":{"line":24,"column":null}},"13":{"start":{"line":19,"column":32},"end":{"line":19,"column":40}},"14":{"start":{"line":20,"column":21},"end":{"line":20,"column":61}},"15":{"start":{"line":21,"column":4},"end":{"line":21,"column":35}},"16":{"start":{"line":23,"column":4},"end":{"line":23,"column":39}},"17":{"start":{"line":27,"column":28},"end":{"line":35,"column":2}},"18":{"start":{"line":27,"column":66},"end":{"line":35,"column":2}},"19":{"start":{"line":28,"column":2},"end":{"line":34,"column":null}},"20":{"start":{"line":29,"column":21},"end":{"line":29,"column":50}},"21":{"start":{"line":30,"column":21},"end":{"line":30,"column":73}},"22":{"start":{"line":31,"column":4},"end":{"line":31,"column":35}},"23":{"start":{"line":33,"column":4},"end":{"line":33,"column":47}},"24":{"start":{"line":37,"column":28},"end":{"line":45,"column":2}},"25":{"start":{"line":37,"column":66},"end":{"line":45,"column":2}},"26":{"start":{"line":38,"column":2},"end":{"line":44,"column":null}},"27":{"start":{"line":39,"column":21},"end":{"line":39,"column":50}},"28":{"start":{"line":40,"column":21},"end":{"line":40,"column":71}},"29":{"start":{"line":41,"column":4},"end":{"line":41,"column":35}},"30":{"start":{"line":43,"column":4},"end":{"line":43,"column":47}},"31":{"start":{"line":47,"column":22},"end":{"line":61,"column":2}},"32":{"start":{"line":47,"column":60},"end":{"line":61,"column":2}},"33":{"start":{"line":48,"column":2},"end":{"line":60,"column":null}},"34":{"start":{"line":49,"column":22},"end":{"line":49,"column":42}},"35":{"start":{"line":50,"column":24},"end":{"line":50,"column":32}},"36":{"start":{"line":52,"column":27},"end":{"line":54,"column":null}},"37":{"start":{"line":56,"column":4},"end":{"line":56,"column":32}},"38":{"start":{"line":57,"column":4},"end":{"line":57,"column":41}},"39":{"start":{"line":59,"column":4},"end":{"line":59,"column":47}},"40":{"start":{"line":63,"column":22},"end":{"line":75,"column":2}},"41":{"start":{"line":63,"column":60},"end":{"line":75,"column":2}},"42":{"start":{"line":64,"column":2},"end":{"line":74,"column":null}},"43":{"start":{"line":65,"column":22},"end":{"line":65,"column":42}},"44":{"start":{"line":66,"column":22},"end":{"line":66,"column":67}},"45":{"start":{"line":67,"column":4},"end":{"line":71,"column":null}},"46":{"start":{"line":68,"column":6},"end":{"line":68,"column":72}},"47":{"start":{"line":70,"column":6},"end":{"line":70,"column":64}},"48":{"start":{"line":73,"column":4},"end":{"line":73,"column":47}},"49":{"start":{"line":77,"column":23},"end":{"line":85,"column":2}},"50":{"start":{"line":77,"column":61},"end":{"line":85,"column":2}},"51":{"start":{"line":78,"column":2},"end":{"line":84,"column":null}},"52":{"start":{"line":79,"column":19},"end":{"line":79,"column":37}},"53":{"start":{"line":80,"column":17},"end":{"line":80,"column":52}},"54":{"start":{"line":81,"column":4},"end":{"line":81,"column":48}},"55":{"start":{"line":83,"column":4},"end":{"line":83,"column":14}},"56":{"start":{"line":87,"column":25},"end":{"line":95,"column":2}},"57":{"start":{"line":87,"column":63},"end":{"line":95,"column":2}},"58":{"start":{"line":88,"column":2},"end":{"line":94,"column":null}},"59":{"start":{"line":89,"column":25},"end":{"line":89,"column":35}},"60":{"start":{"line":90,"column":17},"end":{"line":90,"column":56}},"61":{"start":{"line":91,"column":4},"end":{"line":91,"column":56}},"62":{"start":{"line":93,"column":4},"end":{"line":93,"column":14}},"63":{"start":{"line":97,"column":19},"end":{"line":97,"column":46}},"64":{"start":{"line":97,"column":43},"end":{"line":97,"column":46}},"65":{"start":{"line":97,"column":13},"end":{"line":97,"column":19}},"66":{"start":{"line":99,"column":0},"end":{"line":108,"column":2}}},"fnMap":{"0":{"name":"(anonymous_8)","decl":{"start":{"line":7,"column":15},"end":{"line":7,"column":22}},"loc":{"start":{"line":7,"column":53},"end":{"line":15,"column":2}}},"1":{"name":"(anonymous_9)","decl":{"start":{"line":7,"column":53},"end":{"line":7,"column":null}},"loc":{"start":{"line":7,"column":53},"end":{"line":15,"column":1}}},"2":{"name":"(anonymous_10)","decl":{"start":{"line":17,"column":14},"end":{"line":17,"column":21}},"loc":{"start":{"line":17,"column":52},"end":{"line":25,"column":2}}},"3":{"name":"(anonymous_11)","decl":{"start":{"line":17,"column":52},"end":{"line":17,"column":null}},"loc":{"start":{"line":17,"column":52},"end":{"line":25,"column":1}}},"4":{"name":"(anonymous_12)","decl":{"start":{"line":27,"column":28},"end":{"line":27,"column":35}},"loc":{"start":{"line":27,"column":66},"end":{"line":35,"column":2}}},"5":{"name":"(anonymous_13)","decl":{"start":{"line":27,"column":66},"end":{"line":27,"column":null}},"loc":{"start":{"line":27,"column":66},"end":{"line":35,"column":1}}},"6":{"name":"(anonymous_14)","decl":{"start":{"line":37,"column":28},"end":{"line":37,"column":35}},"loc":{"start":{"line":37,"column":66},"end":{"line":45,"column":2}}},"7":{"name":"(anonymous_15)","decl":{"start":{"line":37,"column":66},"end":{"line":37,"column":null}},"loc":{"start":{"line":37,"column":66},"end":{"line":45,"column":1}}},"8":{"name":"(anonymous_16)","decl":{"start":{"line":47,"column":22},"end":{"line":47,"column":29}},"loc":{"start":{"line":47,"column":60},"end":{"line":61,"column":2}}},"9":{"name":"(anonymous_17)","decl":{"start":{"line":47,"column":60},"end":{"line":47,"column":null}},"loc":{"start":{"line":47,"column":60},"end":{"line":61,"column":1}}},"10":{"name":"(anonymous_18)","decl":{"start":{"line":63,"column":22},"end":{"line":63,"column":29}},"loc":{"start":{"line":63,"column":60},"end":{"line":75,"column":2}}},"11":{"name":"(anonymous_19)","decl":{"start":{"line":63,"column":60},"end":{"line":63,"column":null}},"loc":{"start":{"line":63,"column":60},"end":{"line":75,"column":1}}},"12":{"name":"(anonymous_20)","decl":{"start":{"line":77,"column":23},"end":{"line":77,"column":30}},"loc":{"start":{"line":77,"column":61},"end":{"line":85,"column":2}}},"13":{"name":"(anonymous_21)","decl":{"start":{"line":77,"column":61},"end":{"line":77,"column":null}},"loc":{"start":{"line":77,"column":61},"end":{"line":85,"column":1}}},"14":{"name":"(anonymous_22)","decl":{"start":{"line":87,"column":25},"end":{"line":87,"column":32}},"loc":{"start":{"line":87,"column":63},"end":{"line":95,"column":2}}},"15":{"name":"(anonymous_23)","decl":{"start":{"line":87,"column":63},"end":{"line":87,"column":null}},"loc":{"start":{"line":87,"column":63},"end":{"line":95,"column":1}}},"16":{"name":"(anonymous_24)","decl":{"start":{"line":97,"column":19},"end":{"line":97,"column":20}},"loc":{"start":{"line":97,"column":43},"end":{"line":97,"column":46}}}},"branchMap":{"0":{"loc":{"start":{"line":67,"column":4},"end":{"line":71,"column":null}},"type":"if","locations":[{"start":{"line":67,"column":4},"end":{"line":71,"column":null}},{"start":{"line":69,"column":11},"end":{"line":71,"column":null}}]},"1":{"loc":{"start":{"line":91,"column":41},"end":{"line":91,"column":52}},"type":"cond-expr","locations":[{"start":{"line":91,"column":45},"end":{"line":91,"column":47}},{"start":{"line":91,"column":41},"end":{"line":91,"column":52}}]},"2":{"loc":{"start":{"line":91,"column":41},"end":{"line":91,"column":47}},"type":"binary-expr","locations":[{"start":{"line":91,"column":41},"end":{"line":91,"column":47}},{"start":{"line":91,"column":41},"end":{"line":91,"column":47}}]}},"s":{"0":0,"1":0,"2":0,"3":0,"4":0,"5":0,"6":0,"7":0,"8":0,"9":0,"10":0,"11":0,"12":0,"13":0,"14":0,"15":0,"16":0,"17":0,"18":0,"19":0,"20":0,"21":0,"22":0,"23":0,"24":0,"25":0,"26":0,"27":0,"28":0,"29":0,"30":0,"31":0,"32":0,"33":0,"34":0,"35":0,"36":0,"37":0,"38":0,"39":0,"40":0,"41":0,"42":0,"43":0,"44":0,"45":0,"46":0,"47":0,"48":0,"49":0,"50":0,"51":0,"52":0,"53":0,"54":0,"55":0,"56":0,"57":0,"58":0,"59":0,"60":0,"61":0,"62":0,"63":0,"64":0,"65":0,"66":0},"f":{"0":0,"1":0,"2":0,"3":0,"4":0,"5":0,"6":0,"7":0,"8":0,"9":0,"10":0,"11":0,"12":0,"13":0,"14":0,"15":0,"16":0},"b":{"0":[0,0],"1":[0,0],"2":[0,0]}}
,"C:\\New folder (2)\\Procurement-System\\Server\\src\\controller\\cart.controller.ts": {"path":"C:\\New folder (2)\\Procurement-System\\Server\\src\\controller\\cart.controller.ts","statementMap":{"0":{"start":{"line":2,"column":0},"end":{"line":2,"column":51}},"1":{"start":{"line":3,"column":0},"end":{"line":3,"column":50}},"2":{"start":{"line":5,"column":19},"end":{"line":14,"column":2}},"3":{"start":{"line":5,"column":57},"end":{"line":14,"column":2}},"4":{"start":{"line":6,"column":2},"end":{"line":13,"column":null}},"5":{"start":{"line":7,"column":4},"end":{"line":7,"column":26}},"6":{"start":{"line":8,"column":24},"end":{"line":8,"column":47}},"7":{"start":{"line":9,"column":18},"end":{"line":9,"column":59}},"8":{"start":{"line":10,"column":4},"end":{"line":10,"column":32}},"9":{"start":{"line":12,"column":4},"end":{"line":12,"column":39}},"10":{"start":{"line":16,"column":21},"end":{"line":24,"column":2}},"11":{"start":{"line":16,"column":59},"end":{"line":24,"column":2}},"12":{"start":{"line":17,"column":2},"end":{"line":23,"column":null}},"13":{"start":{"line":18,"column":4},"end":{"line":18,"column":34}},"14":{"start":{"line":19,"column":18},"end":{"line":19,"column":50}},"15":{"start":{"line":20,"column":4},"end":{"line":20,"column":32}},"16":{"start":{"line":22,"column":4},"end":{"line":22,"column":47}},"17":{"start":{"line":26,"column":18},"end":{"line":35,"column":2}},"18":{"start":{"line":26,"column":56},"end":{"line":35,"column":2}},"19":{"start":{"line":27,"column":2},"end":{"line":34,"column":null}},"20":{"start":{"line":28,"column":19},"end":{"line":28,"column":36}},"21":{"start":{"line":29,"column":22},"end":{"line":29,"column":57}},"22":{"start":{"line":31,"column":4},"end":{"line":31,"column":54}},"23":{"start":{"line":33,"column":4},"end":{"line":33,"column":47}},"24":{"start":{"line":37,"column":23},"end":{"line":46,"column":2}},"25":{"start":{"line":37,"column":61},"end":{"line":46,"column":2}},"26":{"start":{"line":38,"column":2},"end":{"line":45,"column":null}},"27":{"start":{"line":39,"column":19},"end":{"line":39,"column":36}},"28":{"start":{"line":40,"column":24},"end":{"line":40,"column":32}},"29":{"start":{"line":41,"column":24},"end":{"line":41,"column":77}},"30":{"start":{"line":42,"column":4},"end":{"line":42,"column":38}},"31":{"start":{"line":44,"column":4},"end":{"line":44,"column":47}},"32":{"start":{"line":48,"column":0},"end":{"line":53,"column":2}}},"fnMap":{"0":{"name":"(anonymous_8)","decl":{"start":{"line":5,"column":19},"end":{"line":5,"column":26}},"loc":{"start":{"line":5,"column":57},"end":{"line":14,"column":2}}},"1":{"name":"(anonymous_9)","decl":{"start":{"line":5,"column":57},"end":{"line":5,"column":null}},"loc":{"start":{"line":5,"column":57},"end":{"line":14,"column":1}}},"2":{"name":"(anonymous_10)","decl":{"start":{"line":16,"column":21},"end":{"line":16,"column":28}},"loc":{"start":{"line":16,"column":59},"end":{"line":24,"column":2}}},"3":{"name":"(anonymous_11)","decl":{"start":{"line":16,"column":59},"end":{"line":16,"column":null}},"loc":{"start":{"line":16,"column":59},"end":{"line":24,"column":1}}},"4":{"name":"(anonymous_12)","decl":{"start":{"line":26,"column":18},"end":{"line":26,"column":25}},"loc":{"start":{"line":26,"column":56},"end":{"line":35,"column":2}}},"5":{"name":"(anonymous_13)","decl":{"start":{"line":26,"column":56},"end":{"line":26,"column":null}},"loc":{"start":{"line":26,"column":56},"end":{"line":35,"column":1}}},"6":{"name":"(anonymous_14)","decl":{"start":{"line":37,"column":23},"end":{"line":37,"column":30}},"loc":{"start":{"line":37,"column":61},"end":{"line":46,"column":2}}},"7":{"name":"(anonymous_15)","decl":{"start":{"line":37,"column":61},"end":{"line":37,"column":null}},"loc":{"start":{"line":37,"column":61},"end":{"line":46,"column":1}}}},"branchMap":{},"s":{"0":0,"1":0,"2":0,"3":0,"4":0,"5":0,"6":0,"7":0,"8":0,"9":0,"10":0,"11":0,"12":0,"13":0,"14":0,"15":0,"16":0,"17":0,"18":0,"19":0,"20":0,"21":0,"22":0,"23":0,"24":0,"25":0,"26":0,"27":0,"28":0,"29":0,"30":0,"31":0,"32":0},"f":{"0":0,"1":0,"2":0,"3":0,"4":0,"5":0,"6":0,"7":0},"b":{}}
,"C:\\New folder (2)\\Procurement-System\\Server\\src\\controller\\item.controller.ts": {"path":"C:\\New folder (2)\\Procurement-System\\Server\\src\\controller\\item.controller.ts","statementMap":{"0":{"start":{"line":2,"column":0},"end":{"line":2,"column":51}},"1":{"start":{"line":5,"column":19},"end":{"line":14,"column":2}},"2":{"start":{"line":5,"column":57},"end":{"line":14,"column":2}},"3":{"start":{"line":6,"column":2},"end":{"line":13,"column":null}},"4":{"start":{"line":7,"column":4},"end":{"line":7,"column":34}},"5":{"start":{"line":8,"column":16},"end":{"line":8,"column":24}},"6":{"start":{"line":9,"column":17},"end":{"line":9,"column":50}},"7":{"start":{"line":10,"column":4},"end":{"line":10,"column":31}},"8":{"start":{"line":12,"column":4},"end":{"line":12,"column":39}},"9":{"start":{"line":17,"column":24},"end":{"line":25,"column":2}},"10":{"start":{"line":17,"column":62},"end":{"line":25,"column":2}},"11":{"start":{"line":18,"column":2},"end":{"line":24,"column":null}},"12":{"start":{"line":19,"column":21},"end":{"line":19,"column":50}},"13":{"start":{"line":20,"column":18},"end":{"line":20,"column":61}},"14":{"start":{"line":21,"column":4},"end":{"line":21,"column":32}},"15":{"start":{"line":23,"column":4},"end":{"line":23,"column":47}},"16":{"start":{"line":28,"column":19},"end":{"line":37,"column":2}},"17":{"start":{"line":28,"column":57},"end":{"line":37,"column":2}},"18":{"start":{"line":29,"column":2},"end":{"line":36,"column":null}},"19":{"start":{"line":30,"column":19},"end":{"line":30,"column":36}},"20":{"start":{"line":31,"column":24},"end":{"line":31,"column":32}},"21":{"start":{"line":32,"column":24},"end":{"line":32,"column":73}},"22":{"start":{"line":33,"column":4},"end":{"line":33,"column":38}},"23":{"start":{"line":35,"column":4},"end":{"line":35,"column":47}},"24":{"start":{"line":40,"column":19},"end":{"line":52,"column":2}},"25":{"start":{"line":40,"column":57},"end":{"line":52,"column":2}},"26":{"start":{"line":41,"column":2},"end":{"line":51,"column":null}},"27":{"start":{"line":42,"column":19},"end":{"line":42,"column":36}},"28":{"start":{"line":43,"column":22},"end":{"line":43,"column":58}},"29":{"start":{"line":44,"column":4},"end":{"line":48,"column":null}},"30":{"start":{"line":45,"column":6},"end":{"line":45,"column":69}},"31":{"start":{"line":47,"column":6},"end":{"line":47,"column":58}},"32":{"start":{"line":50,"column":4},"end":{"line":50,"column":47}},"33":{"start":{"line":54,"column":19},"end":{"line":62,"column":2}},"34":{"start":{"line":54,"column":57},"end":{"line":62,"column":2}},"35":{"start":{"line":55,"column":2},"end":{"line":61,"column":null}},"36":{"start":{"line":56,"column":4},"end":{"line":56,"column":34}},"37":{"start":{"line":57,"column":18},"end":{"line":57,"column":49}},"38":{"start":{"line":58,"column":4},"end":{"line":58,"column":32}},"39":{"start":{"line":60,"column":4},"end":{"line":60,"column":47}},"40":{"start":{"line":64,"column":0},"end":{"line":70,"column":2}}},"fnMap":{"0":{"name":"(anonymous_8)","decl":{"start":{"line":5,"column":19},"end":{"line":5,"column":26}},"loc":{"start":{"line":5,"column":57},"end":{"line":14,"column":2}}},"1":{"name":"(anonymous_9)","decl":{"start":{"line":5,"column":57},"end":{"line":5,"column":null}},"loc":{"start":{"line":5,"column":57},"end":{"line":14,"column":1}}},"2":{"name":"(anonymous_10)","decl":{"start":{"line":17,"column":24},"end":{"line":17,"column":31}},"loc":{"start":{"line":17,"column":62},"end":{"line":25,"column":2}}},"3":{"name":"(anonymous_11)","decl":{"start":{"line":17,"column":62},"end":{"line":17,"column":null}},"loc":{"start":{"line":17,"column":62},"end":{"line":25,"column":1}}},"4":{"name":"(anonymous_12)","decl":{"start":{"line":28,"column":19},"end":{"line":28,"column":26}},"loc":{"start":{"line":28,"column":57},"end":{"line":37,"column":2}}},"5":{"name":"(anonymous_13)","decl":{"start":{"line":28,"column":57},"end":{"line":28,"column":null}},"loc":{"start":{"line":28,"column":57},"end":{"line":37,"column":1}}},"6":{"name":"(anonymous_14)","decl":{"start":{"line":40,"column":19},"end":{"line":40,"column":26}},"loc":{"start":{"line":40,"column":57},"end":{"line":52,"column":2}}},"7":{"name":"(anonymous_15)","decl":{"start":{"line":40,"column":57},"end":{"line":40,"column":null}},"loc":{"start":{"line":40,"column":57},"end":{"line":52,"column":1}}},"8":{"name":"(anonymous_16)","decl":{"start":{"line":54,"column":19},"end":{"line":54,"column":26}},"loc":{"start":{"line":54,"column":57},"end":{"line":62,"column":2}}},"9":{"name":"(anonymous_17)","decl":{"start":{"line":54,"column":57},"end":{"line":54,"column":null}},"loc":{"start":{"line":54,"column":57},"end":{"line":62,"column":1}}}},"branchMap":{"0":{"loc":{"start":{"line":44,"column":4},"end":{"line":48,"column":null}},"type":"if","locations":[{"start":{"line":44,"column":4},"end":{"line":48,"column":null}},{"start":{"line":46,"column":11},"end":{"line":48,"column":null}}]}},"s":{"0":0,"1":0,"2":0,"3":0,"4":0,"5":0,"6":0,"7":0,"8":0,"9":0,"10":0,"11":0,"12":0,"13":0,"14":0,"15":0,"16":0,"17":0,"18":0,"19":0,"20":0,"21":0,"22":0,"23":0,"24":0,"25":0,"26":0,"27":0,"28":0,"29":0,"30":0,"31":0,"32":0,"33":0,"34":0,"35":0,"36":0,"37":0,"38":0,"39":0,"40":0},"f":{"0":0,"1":0,"2":0,"3":0,"4":0,"5":0,"6":0,"7":0,"8":0,"9":0},"b":{"0":[0,0]}}
,"C:\\New folder (2)\\Procurement-System\\Server\\src\\controller\\note.controller.ts": {"path":"C:\\New folder (2)\\Procurement-System\\Server\\src\\controller\\note.controller.ts","statementMap":{"0":{"start":{"line":2,"column":0},"end":{"line":2,"column":59}},"1":{"start":{"line":4,"column":27},"end":{"line":13,"column":2}},"2":{"start":{"line":4,"column":65},"end":{"line":13,"column":2}},"3":{"start":{"line":5,"column":2},"end":{"line":12,"column":null}},"4":{"start":{"line":6,"column":24},"end":{"line":6,"column":32}},"5":{"start":{"line":7,"column":4},"end":{"line":7,"column":null}},"6":{"start":{"line":8,"column":32},"end":{"line":8,"column":73}},"7":{"start":{"line":9,"column":4},"end":{"line":9,"column":46}},"8":{"start":{"line":11,"column":4},"end":{"line":11,"column":39}},"9":{"start":{"line":15,"column":28},"end":{"line":27,"column":2}},"10":{"start":{"line":15,"column":66},"end":{"line":27,"column":2}},"11":{"start":{"line":16,"column":2},"end":{"line":26,"column":null}},"12":{"start":{"line":17,"column":26},"end":{"line":17,"column":57}},"13":{"start":{"line":19,"column":4},"end":{"line":23,"column":null}},"14":{"start":{"line":20,"column":6},"end":{"line":20,"column":46}},"15":{"start":{"line":22,"column":6},"end":{"line":22,"column":67}},"16":{"start":{"line":25,"column":4},"end":{"line":25,"column":47}},"17":{"start":{"line":29,"column":0},"end":{"line":29,"column":59}}},"fnMap":{"0":{"name":"(anonymous_8)","decl":{"start":{"line":4,"column":27},"end":{"line":4,"column":34}},"loc":{"start":{"line":4,"column":65},"end":{"line":13,"column":2}}},"1":{"name":"(anonymous_9)","decl":{"start":{"line":4,"column":65},"end":{"line":4,"column":null}},"loc":{"start":{"line":4,"column":65},"end":{"line":13,"column":1}}},"2":{"name":"(anonymous_10)","decl":{"start":{"line":15,"column":28},"end":{"line":15,"column":35}},"loc":{"start":{"line":15,"column":66},"end":{"line":27,"column":2}}},"3":{"name":"(anonymous_11)","decl":{"start":{"line":15,"column":66},"end":{"line":15,"column":null}},"loc":{"start":{"line":15,"column":66},"end":{"line":27,"column":1}}}},"branchMap":{"0":{"loc":{"start":{"line":19,"column":4},"end":{"line":23,"column":null}},"type":"if","locations":[{"start":{"line":19,"column":4},"end":{"line":23,"column":null}},{"start":{"line":21,"column":11},"end":{"line":23,"column":null}}]},"1":{"loc":{"start":{"line":19,"column":8},"end":{"line":19,"column":49}},"type":"binary-expr","locations":[{"start":{"line":19,"column":8},"end":{"line":19,"column":21}},{"start":{"line":19,"column":25},"end":{"line":19,"column":49}}]}},"s":{"0":0,"1":0,"2":0,"3":0,"4":0,"5":0,"6":0,"7":0,"8":0,"9":0,"10":0,"11":0,"12":0,"13":0,"14":0,"15":0,"16":0,"17":0},"f":{"0":0,"1":0,"2":0,"3":0},"b":{"0":[0,0],"1":[0,0]}}
,"C:\\New folder (2)\\Procurement-System\\Server\\src\\controller\\order.controller.ts": {"path":"C:\\New folder (2)\\Procurement-System\\Server\\src\\controller\\order.controller.ts","statementMap":{"0":{"start":{"line":2,"column":0},"end":{"line":2,"column":53}},"1":{"start":{"line":3,"column":0},"end":{"line":3,"column":53}},"2":{"start":{"line":8,"column":18},"end":{"line":19,"column":1}},"3":{"start":{"line":9,"column":2},"end":{"line":18,"column":null}},"4":{"start":{"line":10,"column":37},"end":{"line":10,"column":45}},"5":{"start":{"line":12,"column":4},"end":{"line":12,"column":34}},"6":{"start":{"line":13,"column":4},"end":{"line":13,"column":55}},"7":{"start":{"line":15,"column":4},"end":{"line":15,"column":49}},"8":{"start":{"line":17,"column":4},"end":{"line":17,"column":39}},"9":{"start":{"line":21,"column":20},"end":{"line":31,"column":2}},"10":{"start":{"line":21,"column":58},"end":{"line":31,"column":2}},"11":{"start":{"line":22,"column":2},"end":{"line":30,"column":null}},"12":{"start":{"line":23,"column":23},"end":{"line":23,"column":54}},"13":{"start":{"line":24,"column":4},"end":{"line":24,"column":34}},"14":{"start":{"line":25,"column":25},"end":{"line":25,"column":49}},"15":{"start":{"line":26,"column":18},"end":{"line":26,"column":62}},"16":{"start":{"line":27,"column":4},"end":{"line":27,"column":32}},"17":{"start":{"line":29,"column":4},"end":{"line":29,"column":39}},"18":{"start":{"line":33,"column":23},"end":{"line":42,"column":2}},"19":{"start":{"line":33,"column":61},"end":{"line":42,"column":2}},"20":{"start":{"line":34,"column":2},"end":{"line":41,"column":null}},"21":{"start":{"line":35,"column":23},"end":{"line":35,"column":33}},"22":{"start":{"line":37,"column":18},"end":{"line":37,"column":59}},"23":{"start":{"line":38,"column":4},"end":{"line":38,"column":32}},"24":{"start":{"line":40,"column":4},"end":{"line":40,"column":39}},"25":{"start":{"line":44,"column":21},"end":{"line":54,"column":2}},"26":{"start":{"line":44,"column":59},"end":{"line":54,"column":2}},"27":{"start":{"line":45,"column":2},"end":{"line":53,"column":null}},"28":{"start":{"line":46,"column":4},"end":{"line":46,"column":24}},"29":{"start":{"line":47,"column":24},"end":{"line":47,"column":34}},"30":{"start":{"line":49,"column":23},"end":{"line":49,"column":63}},"31":{"start":{"line":50,"column":4},"end":{"line":50,"column":37}},"32":{"start":{"line":52,"column":4},"end":{"line":52,"column":39}},"33":{"start":{"line":56,"column":21},"end":{"line":64,"column":2}},"34":{"start":{"line":56,"column":59},"end":{"line":64,"column":2}},"35":{"start":{"line":57,"column":2},"end":{"line":63,"column":null}},"36":{"start":{"line":58,"column":32},"end":{"line":58,"column":40}},"37":{"start":{"line":59,"column":17},"end":{"line":59,"column":70}},"38":{"start":{"line":60,"column":4},"end":{"line":60,"column":31}},"39":{"start":{"line":62,"column":4},"end":{"line":62,"column":39}},"40":{"start":{"line":66,"column":26},"end":{"line":75,"column":2}},"41":{"start":{"line":66,"column":64},"end":{"line":75,"column":2}},"42":{"start":{"line":67,"column":2},"end":{"line":74,"column":null}},"43":{"start":{"line":68,"column":24},"end":{"line":68,"column":34}},"44":{"start":{"line":70,"column":34},"end":{"line":70,"column":79}},"45":{"start":{"line":71,"column":4},"end":{"line":71,"column":48}},"46":{"start":{"line":73,"column":4},"end":{"line":73,"column":39}},"47":{"start":{"line":77,"column":24},"end":{"line":85,"column":2}},"48":{"start":{"line":77,"column":62},"end":{"line":85,"column":2}},"49":{"start":{"line":78,"column":2},"end":{"line":84,"column":null}},"50":{"start":{"line":79,"column":19},"end":{"line":79,"column":29}},"51":{"start":{"line":80,"column":24},"end":{"line":80,"column":58}},"52":{"start":{"line":81,"column":4},"end":{"line":81,"column":42}},"53":{"start":{"line":83,"column":4},"end":{"line":83,"column":39}},"54":{"start":{"line":87,"column":18},"end":{"line":94,"column":2}},"55":{"start":{"line":87,"column":56},"end":{"line":94,"column":2}},"56":{"start":{"line":88,"column":2},"end":{"line":93,"column":null}},"57":{"start":{"line":89,"column":22},"end":{"line":89,"column":58}},"58":{"start":{"line":90,"column":4},"end":{"line":90,"column":40}},"59":{"start":{"line":92,"column":4},"end":{"line":92,"column":39}},"60":{"start":{"line":97,"column":21},"end":{"line":109,"column":2}},"61":{"start":{"line":97,"column":59},"end":{"line":109,"column":2}},"62":{"start":{"line":98,"column":2},"end":{"line":108,"column":null}},"63":{"start":{"line":99,"column":26},"end":{"line":99,"column":59}},"64":{"start":{"line":101,"column":4},"end":{"line":105,"column":null}},"65":{"start":{"line":102,"column":6},"end":{"line":102,"column":46}},"66":{"start":{"line":104,"column":6},"end":{"line":104,"column":58}},"67":{"start":{"line":107,"column":4},"end":{"line":107,"column":47}},"68":{"start":{"line":111,"column":0},"end":{"line":121,"column":2}}},"fnMap":{"0":{"name":"(anonymous_8)","decl":{"start":{"line":8,"column":18},"end":{"line":8,"column":19}},"loc":{"start":{"line":8,"column":50},"end":{"line":19,"column":1}}},"1":{"name":"(anonymous_9)","decl":{"start":{"line":21,"column":20},"end":{"line":21,"column":27}},"loc":{"start":{"line":21,"column":58},"end":{"line":31,"column":2}}},"2":{"name":"(anonymous_10)","decl":{"start":{"line":21,"column":58},"end":{"line":21,"column":null}},"loc":{"start":{"line":21,"column":58},"end":{"line":31,"column":1}}},"3":{"name":"(anonymous_11)","decl":{"start":{"line":33,"column":23},"end":{"line":33,"column":30}},"loc":{"start":{"line":33,"column":61},"end":{"line":42,"column":2}}},"4":{"name":"(anonymous_12)","decl":{"start":{"line":33,"column":61},"end":{"line":33,"column":null}},"loc":{"start":{"line":33,"column":61},"end":{"line":42,"column":1}}},"5":{"name":"(anonymous_13)","decl":{"start":{"line":44,"column":21},"end":{"line":44,"column":28}},"loc":{"start":{"line":44,"column":59},"end":{"line":54,"column":2}}},"6":{"name":"(anonymous_14)","decl":{"start":{"line":44,"column":59},"end":{"line":44,"column":null}},"loc":{"start":{"line":44,"column":59},"end":{"line":54,"column":1}}},"7":{"name":"(anonymous_15)","decl":{"start":{"line":56,"column":21},"end":{"line":56,"column":28}},"loc":{"start":{"line":56,"column":59},"end":{"line":64,"column":2}}},"8":{"name":"(anonymous_16)","decl":{"start":{"line":56,"column":59},"end":{"line":56,"column":null}},"loc":{"start":{"line":56,"column":59},"end":{"line":64,"column":1}}},"9":{"name":"(anonymous_17)","decl":{"start":{"line":66,"column":26},"end":{"line":66,"column":33}},"loc":{"start":{"line":66,"column":64},"end":{"line":75,"column":2}}},"10":{"name":"(anonymous_18)","decl":{"start":{"line":66,"column":64},"end":{"line":66,"column":null}},"loc":{"start":{"line":66,"column":64},"end":{"line":75,"column":1}}},"11":{"name":"(anonymous_19)","decl":{"start":{"line":77,"column":24},"end":{"line":77,"column":31}},"loc":{"start":{"line":77,"column":62},"end":{"line":85,"column":2}}},"12":{"name":"(anonymous_20)","decl":{"start":{"line":77,"column":62},"end":{"line":77,"column":null}},"loc":{"start":{"line":77,"column":62},"end":{"line":85,"column":1}}},"13":{"name":"(anonymous_21)","decl":{"start":{"line":87,"column":18},"end":{"line":87,"column":25}},"loc":{"start":{"line":87,"column":56},"end":{"line":94,"column":2}}},"14":{"name":"(anonymous_22)","decl":{"start":{"line":87,"column":56},"end":{"line":87,"column":null}},"loc":{"start":{"line":87,"column":56},"end":{"line":94,"column":1}}},"15":{"name":"(anonymous_23)","decl":{"start":{"line":97,"column":21},"end":{"line":97,"column":28}},"loc":{"start":{"line":97,"column":59},"end":{"line":109,"column":2}}},"16":{"name":"(anonymous_24)","decl":{"start":{"line":97,"column":59},"end":{"line":97,"column":null}},"loc":{"start":{"line":97,"column":59},"end":{"line":109,"column":1}}}},"branchMap":{"0":{"loc":{"start":{"line":101,"column":4},"end":{"line":105,"column":null}},"type":"if","locations":[{"start":{"line":101,"column":4},"end":{"line":105,"column":null}},{"start":{"line":103,"column":11},"end":{"line":105,"column":null}}]},"1":{"loc":{"start":{"line":101,"column":8},"end":{"line":101,"column":49}},"type":"binary-expr","locations":[{"start":{"line":101,"column":8},"end":{"line":101,"column":21}},{"start":{"line":101,"column":25},"end":{"line":101,"column":49}}]}},"s":{"0":0,"1":0,"2":0,"3":0,"4":0,"5":0,"6":0,"7":0,"8":0,"9":0,"10":0,"11":0,"12":0,"13":0,"14":0,"15":0,"16":0,"17":0,"18":0,"19":0,"20":0,"21":0,"22":0,"23":0,"24":0,"25":0,"26":0,"27":0,"28":0,"29":0,"30":0,"31":0,"32":0,"33":0,"34":0,"35":0,"36":0,"37":0,"38":0,"39":0,"40":0,"41":0,"42":0,"43":0,"44":0,"45":0,"46":0,"47":0,"48":0,"49":0,"50":0,"51":0,"52":0,"53":0,"54":0,"55":0,"56":0,"57":0,"58":0,"59":0,"60":0,"61":0,"62":0,"63":0,"64":0,"65":0,"66":0,"67":0,"68":0},"f":{"0":0,"1":0,"2":0,"3":0,"4":0,"5":0,"6":0,"7":0,"8":0,"9":0,"10":0,"11":0,"12":0,"13":0,"14":0,"15":0,"16":0},"b":{"0":[0,0],"1":[0,0]}}
,"C:\\New folder (2)\\Procurement-System\\Server\\src\\controller\\payment.controller.ts": {"path":"C:\\New folder (2)\\Procurement-System\\Server\\src\\controller\\payment.controller.ts","statementMap":{"0":{"start":{"line":2,"column":0},"end":{"line":2,"column":57}},"1":{"start":{"line":5,"column":0},"end":{"line":5,"column":53}},"2":{"start":{"line":7,"column":22},"end":{"line":16,"column":2}},"3":{"start":{"line":7,"column":60},"end":{"line":16,"column":2}},"4":{"start":{"line":8,"column":2},"end":{"line":15,"column":null}},"5":{"start":{"line":9,"column":4},"end":{"line":9,"column":34}},"6":{"start":{"line":10,"column":16},"end":{"line":10,"column":24}},"7":{"start":{"line":11,"column":17},"end":{"line":11,"column":56}},"8":{"start":{"line":12,"column":4},"end":{"line":12,"column":31}},"9":{"start":{"line":14,"column":4},"end":{"line":14,"column":39}},"10":{"start":{"line":18,"column":25},"end":{"line":26,"column":2}},"11":{"start":{"line":18,"column":63},"end":{"line":26,"column":2}},"12":{"start":{"line":19,"column":2},"end":{"line":25,"column":null}},"13":{"start":{"line":20,"column":27},"end":{"line":20,"column":37}},"14":{"start":{"line":21,"column":17},"end":{"line":21,"column":76}},"15":{"start":{"line":22,"column":4},"end":{"line":22,"column":31}},"16":{"start":{"line":24,"column":4},"end":{"line":24,"column":39}},"17":{"start":{"line":28,"column":26},"end":{"line":37,"column":2}},"18":{"start":{"line":28,"column":64},"end":{"line":37,"column":2}},"19":{"start":{"line":29,"column":2},"end":{"line":36,"column":null}},"20":{"start":{"line":30,"column":16},"end":{"line":30,"column":24}},"21":{"start":{"line":31,"column":4},"end":{"line":31,"column":21}},"22":{"start":{"line":32,"column":24},"end":{"line":32,"column":63}},"23":{"start":{"line":33,"column":4},"end":{"line":33,"column":38}},"24":{"start":{"line":35,"column":4},"end":{"line":35,"column":39}},"25":{"start":{"line":45,"column":20},"end":{"line":55,"column":1}},"26":{"start":{"line":46,"column":2},"end":{"line":54,"column":null}},"27":{"start":{"line":47,"column":37},"end":{"line":47,"column":45}},"28":{"start":{"line":49,"column":4},"end":{"line":49,"column":54}},"29":{"start":{"line":51,"column":4},"end":{"line":51,"column":49}},"30":{"start":{"line":53,"column":4},"end":{"line":53,"column":39}},"31":{"start":{"line":57,"column":0},"end":{"line":57,"column":82}}},"fnMap":{"0":{"name":"(anonymous_8)","decl":{"start":{"line":7,"column":22},"end":{"line":7,"column":29}},"loc":{"start":{"line":7,"column":60},"end":{"line":16,"column":2}}},"1":{"name":"(anonymous_9)","decl":{"start":{"line":7,"column":60},"end":{"line":7,"column":null}},"loc":{"start":{"line":7,"column":60},"end":{"line":16,"column":1}}},"2":{"name":"(anonymous_10)","decl":{"start":{"line":18,"column":25},"end":{"line":18,"column":32}},"loc":{"start":{"line":18,"column":63},"end":{"line":26,"column":2}}},"3":{"name":"(anonymous_11)","decl":{"start":{"line":18,"column":63},"end":{"line":18,"column":null}},"loc":{"start":{"line":18,"column":63},"end":{"line":26,"column":1}}},"4":{"name":"(anonymous_12)","decl":{"start":{"line":28,"column":26},"end":{"line":28,"column":33}},"loc":{"start":{"line":28,"column":64},"end":{"line":37,"column":2}}},"5":{"name":"(anonymous_13)","decl":{"start":{"line":28,"column":64},"end":{"line":28,"column":null}},"loc":{"start":{"line":28,"column":64},"end":{"line":37,"column":1}}},"6":{"name":"(anonymous_14)","decl":{"start":{"line":45,"column":20},"end":{"line":45,"column":21}},"loc":{"start":{"line":45,"column":52},"end":{"line":55,"column":1}}}},"branchMap":{},"s":{"0":0,"1":0,"2":0,"3":0,"4":0,"5":0,"6":0,"7":0,"8":0,"9":0,"10":0,"11":0,"12":0,"13":0,"14":0,"15":0,"16":0,"17":0,"18":0,"19":0,"20":0,"21":0,"22":0,"23":0,"24":0,"25":0,"26":0,"27":0,"28":0,"29":0,"30":0,"31":0},"f":{"0":0,"1":0,"2":0,"3":0,"4":0,"5":0,"6":0},"b":{}}
,"C:\\New folder (2)\\Procurement-System\\Server\\src\\controller\\site.controller.ts": {"path":"C:\\New folder (2)\\Procurement-System\\Server\\src\\controller\\site.controller.ts","statementMap":{"0":{"start":{"line":2,"column":0},"end":{"line":2,"column":51}},"1":{"start":{"line":3,"column":0},"end":{"line":3,"column":32}},"2":{"start":{"line":6,"column":19},"end":{"line":14,"column":2}},"3":{"start":{"line":6,"column":57},"end":{"line":14,"column":2}},"4":{"start":{"line":7,"column":2},"end":{"line":13,"column":null}},"5":{"start":{"line":8,"column":16},"end":{"line":8,"column":24}},"6":{"start":{"line":9,"column":17},"end":{"line":9,"column":50}},"7":{"start":{"line":10,"column":4},"end":{"line":10,"column":31}},"8":{"start":{"line":12,"column":4},"end":{"line":12,"column":39}},"9":{"start":{"line":16,"column":16},"end":{"line":23,"column":2}},"10":{"start":{"line":16,"column":54},"end":{"line":23,"column":2}},"11":{"start":{"line":17,"column":2},"end":{"line":22,"column":null}},"12":{"start":{"line":18,"column":18},"end":{"line":18,"column":45}},"13":{"start":{"line":19,"column":4},"end":{"line":19,"column":32}},"14":{"start":{"line":21,"column":4},"end":{"line":21,"column":41}},"15":{"start":{"line":25,"column":22},"end":{"line":34,"column":2}},"16":{"start":{"line":25,"column":60},"end":{"line":34,"column":2}},"17":{"start":{"line":26,"column":2},"end":{"line":33,"column":null}},"18":{"start":{"line":27,"column":16},"end":{"line":27,"column":24}},"19":{"start":{"line":28,"column":4},"end":{"line":28,"column":29}},"20":{"start":{"line":29,"column":17},"end":{"line":29,"column":54}},"21":{"start":{"line":30,"column":4},"end":{"line":30,"column":31}},"22":{"start":{"line":32,"column":4},"end":{"line":32,"column":39}},"23":{"start":{"line":36,"column":29},"end":{"line":48,"column":2}},"24":{"start":{"line":36,"column":67},"end":{"line":48,"column":2}},"25":{"start":{"line":37,"column":2},"end":{"line":47,"column":null}},"26":{"start":{"line":38,"column":27},"end":{"line":38,"column":67}},"27":{"start":{"line":40,"column":4},"end":{"line":44,"column":null}},"28":{"start":{"line":41,"column":6},"end":{"line":41,"column":47}},"29":{"start":{"line":43,"column":6},"end":{"line":43,"column":68}},"30":{"start":{"line":46,"column":4},"end":{"line":46,"column":47}},"31":{"start":{"line":50,"column":22},"end":{"line":70,"column":2}},"32":{"start":{"line":50,"column":60},"end":{"line":70,"column":2}},"33":{"start":{"line":51,"column":2},"end":{"line":69,"column":null}},"34":{"start":{"line":52,"column":52},"end":{"line":52,"column":60}},"35":{"start":{"line":53,"column":23},"end":{"line":57,"column":null}},"36":{"start":{"line":62,"column":4},"end":{"line":66,"column":null}},"37":{"start":{"line":63,"column":6},"end":{"line":63,"column":72}},"38":{"start":{"line":65,"column":6},"end":{"line":65,"column":60}},"39":{"start":{"line":68,"column":4},"end":{"line":68,"column":47}},"40":{"start":{"line":72,"column":29},"end":{"line":84,"column":2}},"41":{"start":{"line":72,"column":67},"end":{"line":84,"column":2}},"42":{"start":{"line":73,"column":2},"end":{"line":83,"column":null}},"43":{"start":{"line":74,"column":27},"end":{"line":74,"column":67}},"44":{"start":{"line":76,"column":4},"end":{"line":80,"column":null}},"45":{"start":{"line":77,"column":6},"end":{"line":77,"column":47}},"46":{"start":{"line":79,"column":6},"end":{"line":79,"column":68}},"47":{"start":{"line":82,"column":4},"end":{"line":82,"column":47}},"48":{"start":{"line":85,"column":21},"end":{"line":98,"column":2}},"49":{"start":{"line":85,"column":59},"end":{"line":98,"column":2}},"50":{"start":{"line":86,"column":2},"end":{"line":97,"column":null}},"51":{"start":{"line":87,"column":19},"end":{"line":87,"column":29}},"52":{"start":{"line":88,"column":22},"end":{"line":88,"column":56}},"53":{"start":{"line":90,"column":4},"end":{"line":94,"column":null}},"54":{"start":{"line":91,"column":6},"end":{"line":91,"column":79}},"55":{"start":{"line":93,"column":6},"end":{"line":93,"column":68}},"56":{"start":{"line":96,"column":4},"end":{"line":96,"column":47}},"57":{"start":{"line":100,"column":0},"end":{"line":108,"column":2}}},"fnMap":{"0":{"name":"(anonymous_8)","decl":{"start":{"line":6,"column":19},"end":{"line":6,"column":26}},"loc":{"start":{"line":6,"column":57},"end":{"line":14,"column":2}}},"1":{"name":"(anonymous_9)","decl":{"start":{"line":6,"column":57},"end":{"line":6,"column":null}},"loc":{"start":{"line":6,"column":57},"end":{"line":14,"column":1}}},"2":{"name":"(anonymous_10)","decl":{"start":{"line":16,"column":16},"end":{"line":16,"column":23}},"loc":{"start":{"line":16,"column":54},"end":{"line":23,"column":2}}},"3":{"name":"(anonymous_11)","decl":{"start":{"line":16,"column":54},"end":{"line":16,"column":null}},"loc":{"start":{"line":16,"column":54},"end":{"line":23,"column":1}}},"4":{"name":"(anonymous_12)","decl":{"start":{"line":25,"column":22},"end":{"line":25,"column":29}},"loc":{"start":{"line":25,"column":60},"end":{"line":34,"column":2}}},"5":{"name":"(anonymous_13)","decl":{"start":{"line":25,"column":60},"end":{"line":25,"column":null}},"loc":{"start":{"line":25,"column":60},"end":{"line":34,"column":1}}},"6":{"name":"(anonymous_14)","decl":{"start":{"line":36,"column":29},"end":{"line":36,"column":36}},"loc":{"start":{"line":36,"column":67},"end":{"line":48,"column":2}}},"7":{"name":"(anonymous_15)","decl":{"start":{"line":36,"column":67},"end":{"line":36,"column":null}},"loc":{"start":{"line":36,"column":67},"end":{"line":48,"column":1}}},"8":{"name":"(anonymous_16)","decl":{"start":{"line":50,"column":22},"end":{"line":50,"column":29}},"loc":{"start":{"line":50,"column":60},"end":{"line":70,"column":2}}},"9":{"name":"(anonymous_17)","decl":{"start":{"line":50,"column":60},"end":{"line":50,"column":null}},"loc":{"start":{"line":50,"column":60},"end":{"line":70,"column":1}}},"10":{"name":"(anonymous_18)","decl":{"start":{"line":72,"column":29},"end":{"line":72,"column":36}},"loc":{"start":{"line":72,"column":67},"end":{"line":84,"column":2}}},"11":{"name":"(anonymous_19)","decl":{"start":{"line":72,"column":67},"end":{"line":72,"column":null}},"loc":{"start":{"line":72,"column":67},"end":{"line":84,"column":1}}},"12":{"name":"(anonymous_20)","decl":{"start":{"line":85,"column":21},"end":{"line":85,"column":28}},"loc":{"start":{"line":85,"column":59},"end":{"line":98,"column":2}}},"13":{"name":"(anonymous_21)","decl":{"start":{"line":85,"column":59},"end":{"line":85,"column":null}},"loc":{"start":{"line":85,"column":59},"end":{"line":98,"column":1}}}},"branchMap":{"0":{"loc":{"start":{"line":40,"column":4},"end":{"line":44,"column":null}},"type":"if","locations":[{"start":{"line":40,"column":4},"end":{"line":44,"column":null}},{"start":{"line":42,"column":11},"end":{"line":44,"column":null}}]},"1":{"loc":{"start":{"line":40,"column":8},"end":{"line":40,"column":51}},"type":"binary-expr","locations":[{"start":{"line":40,"column":8},"end":{"line":40,"column":22}},{"start":{"line":40,"column":26},"end":{"line":40,"column":51}}]},"2":{"loc":{"start":{"line":62,"column":4},"end":{"line":66,"column":null}},"type":"if","locations":[{"start":{"line":62,"column":4},"end":{"line":66,"column":null}},{"start":{"line":64,"column":11},"end":{"line":66,"column":null}}]},"3":{"loc":{"start":{"line":76,"column":4},"end":{"line":80,"column":null}},"type":"if","locations":[{"start":{"line":76,"column":4},"end":{"line":80,"column":null}},{"start":{"line":78,"column":11},"end":{"line":80,"column":null}}]},"4":{"loc":{"start":{"line":76,"column":8},"end":{"line":76,"column":51}},"type":"binary-expr","locations":[{"start":{"line":76,"column":8},"end":{"line":76,"column":22}},{"start":{"line":76,"column":26},"end":{"line":76,"column":51}}]},"5":{"loc":{"start":{"line":90,"column":4},"end":{"line":94,"column":null}},"type":"if","locations":[{"start":{"line":90,"column":4},"end":{"line":94,"column":null}},{"start":{"line":92,"column":11},"end":{"line":94,"column":null}}]}},"s":{"0":0,"1":0,"2":0,"3":0,"4":0,"5":0,"6":0,"7":0,"8":0,"9":0,"10":0,"11":0,"12":0,"13":0,"14":0,"15":0,"16":0,"17":0,"18":0,"19":0,"20":0,"21":0,"22":0,"23":0,"24":0,"25":0,"26":0,"27":0,"28":0,"29":0,"30":0,"31":0,"32":0,"33":0,"34":0,"35":0,"36":0,"37":0,"38":0,"39":0,"40":0,"41":0,"42":0,"43":0,"44":0,"45":0,"46":0,"47":0,"48":0,"49":0,"50":0,"51":0,"52":0,"53":0,"54":0,"55":0,"56":0,"57":0},"f":{"0":0,"1":0,"2":0,"3":0,"4":0,"5":0,"6":0,"7":0,"8":0,"9":0,"10":0,"11":0,"12":0,"13":0},"b":{"0":[0,0],"1":[0,0],"2":[0,0],"3":[0,0],"4":[0,0],"5":[0,0]}}
,"C:\\New folder (2)\\Procurement-System\\Server\\src\\models\\account\\account.model.ts": {"path":"C:\\New folder (2)\\Procurement-System\\Server\\src\\models\\account\\account.model.ts","statementMap":{"0":{"start":{"line":1,"column":0},"end":{"line":1,"column":32}},"1":{"start":{"line":3,"column":15},"end":{"line":3,"column":30}},"2":{"start":{"line":5,"column":22},"end":{"line":35,"column":null}},"3":{"start":{"line":38,"column":16},"end":{"line":38,"column":56}},"4":{"start":{"line":39,"column":0},"end":{"line":39,"column":23}}},"fnMap":{},"branchMap":{},"s":{"0":0,"1":0,"2":0,"3":0,"4":0},"f":{},"b":{}}
,"C:\\New folder (2)\\Procurement-System\\Server\\src\\models\\budgetForm\\IBudget.ts": {"path":"C:\\New folder (2)\\Procurement-System\\Server\\src\\models\\budgetForm\\IBudget.ts","statementMap":{"0":{"start":{"line":9,"column":0},"end":{"line":9,"column":null}},"1":{"start":{"line":10,"column":2},"end":{"line":10,"column":null}},"2":{"start":{"line":11,"column":2},"end":{"line":11,"column":null}},"3":{"start":{"line":12,"column":2},"end":{"line":12,"column":null}}},"fnMap":{"0":{"name":"(anonymous_0)","decl":{"start":{"line":9,"column":0},"end":{"line":9,"column":12}},"loc":{"start":{"line":9,"column":24},"end":{"line":13,"column":1}}}},"branchMap":{"0":{"loc":{"start":{"line":9,"column":12},"end":{"line":9,"column":null}},"type":"binary-expr","locations":[{"start":{"line":9,"column":12},"end":{"line":9,"column":24}},{"start":{"line":9,"column":24},"end":{"line":9,"column":null}}]}},"s":{"0":0,"1":0,"2":0,"3":0},"f":{"0":0},"b":{"0":[0,0]}}
,"C:\\New folder (2)\\Procurement-System\\Server\\src\\models\\budgetForm\\budgetForm.ts": {"path":"C:\\New folder (2)\\Procurement-System\\Server\\src\\models\\budgetForm\\budgetForm.ts","statementMap":{"0":{"start":{"line":1,"column":0},"end":{"line":1,"column":32}},"1":{"start":{"line":2,"column":0},"end":{"line":2,"column":41}},"2":{"start":{"line":4,"column":15},"end":{"line":4,"column":30}},"3":{"start":{"line":6,"column":25},"end":{"line":33,"column":null}},"4":{"start":{"line":36,"column":19},"end":{"line":36,"column":65}},"5":{"start":{"line":37,"column":0},"end":{"line":37,"column":26}}},"fnMap":{},"branchMap":{},"s":{"0":0,"1":0,"2":0,"3":0,"4":0,"5":0},"f":{},"b":{}}
,"C:\\New folder (2)\\Procurement-System\\Server\\src\\models\\cart\\cart.model.ts": {"path":"C:\\New folder (2)\\Procurement-System\\Server\\src\\models\\cart\\cart.model.ts","statementMap":{"0":{"start":{"line":1,"column":0},"end":{"line":1,"column":32}},"1":{"start":{"line":3,"column":19},"end":{"line":28,"column":2}},"2":{"start":{"line":30,"column":14},"end":{"line":30,"column":48}},"3":{"start":{"line":31,"column":0},"end":{"line":31,"column":21}}},"fnMap":{},"branchMap":{},"s":{"0":0,"1":0,"2":0,"3":0},"f":{},"b":{}}
,"C:\\New folder (2)\\Procurement-System\\Server\\src\\models\\deliveryNotice\\note.model.ts": {"path":"C:\\New folder (2)\\Procurement-System\\Server\\src\\models\\deliveryNotice\\note.model.ts","statementMap":{"0":{"start":{"line":1,"column":0},"end":{"line":1,"column":32}},"1":{"start":{"line":3,"column":19},"end":{"line":3,"column":27}},"2":{"start":{"line":5,"column":19},"end":{"line":26,"column":null}},"3":{"start":{"line":29,"column":13},"end":{"line":29,"column":47}},"4":{"start":{"line":30,"column":0},"end":{"line":30,"column":20}}},"fnMap":{},"branchMap":{},"s":{"0":0,"1":0,"2":0,"3":0,"4":0},"f":{},"b":{}}
,"C:\\New folder (2)\\Procurement-System\\Server\\src\\models\\item\\item.model.ts": {"path":"C:\\New folder (2)\\Procurement-System\\Server\\src\\models\\item\\item.model.ts","statementMap":{"0":{"start":{"line":1,"column":0},"end":{"line":1,"column":32}},"1":{"start":{"line":3,"column":15},"end":{"line":3,"column":30}},"2":{"start":{"line":5,"column":19},"end":{"line":36,"column":null}},"3":{"start":{"line":39,"column":13},"end":{"line":39,"column":47}},"4":{"start":{"line":40,"column":0},"end":{"line":40,"column":20}}},"fnMap":{},"branchMap":{},"s":{"0":0,"1":0,"2":0,"3":0,"4":0},"f":{},"b":{}}
,"C:\\New folder (2)\\Procurement-System\\Server\\src\\models\\order\\OrderStatus.ts": {"path":"C:\\New folder (2)\\Procurement-System\\Server\\src\\models\\order\\OrderStatus.ts","statementMap":{"0":{"start":{"line":1,"column":0},"end":{"line":1,"column":null}},"1":{"start":{"line":2,"column":2},"end":{"line":2,"column":null}},"2":{"start":{"line":3,"column":2},"end":{"line":3,"column":null}},"3":{"start":{"line":4,"column":2},"end":{"line":4,"column":null}},"4":{"start":{"line":5,"column":2},"end":{"line":5,"column":null}},"5":{"start":{"line":6,"column":2},"end":{"line":6,"column":null}},"6":{"start":{"line":7,"column":2},"end":{"line":7,"column":null}},"7":{"start":{"line":8,"column":2},"end":{"line":8,"column":null}},"8":{"start":{"line":9,"column":2},"end":{"line":9,"column":null}},"9":{"start":{"line":10,"column":2},"end":{"line":10,"column":null}},"10":{"start":{"line":11,"column":2},"end":{"line":11,"column":null}}},"fnMap":{"0":{"name":"(anonymous_0)","decl":{"start":{"line":1,"column":0},"end":{"line":1,"column":12}},"loc":{"start":{"line":1,"column":23},"end":{"line":12,"column":1}}}},"branchMap":{"0":{"loc":{"start":{"line":1,"column":12},"end":{"line":1,"column":null}},"type":"binary-expr","locations":[{"start":{"line":1,"column":12},"end":{"line":1,"column":23}},{"start":{"line":1,"column":23},"end":{"line":1,"column":null}}]}},"s":{"0":0,"1":0,"2":0,"3":0,"4":0,"5":0,"6":0,"7":0,"8":0,"9":0,"10":0},"f":{"0":0},"b":{"0":[0,0]}}
,"C:\\New folder (2)\\Procurement-System\\Server\\src\\models\\order\\order.model.ts": {"path":"C:\\New folder (2)\\Procurement-System\\Server\\src\\models\\order\\order.model.ts","statementMap":{"0":{"start":{"line":1,"column":0},"end":{"line":1,"column":32}},"1":{"start":{"line":2,"column":0},"end":{"line":2,"column":44}},"2":{"start":{"line":4,"column":20},"end":{"line":62,"column":null}},"3":{"start":{"line":65,"column":14},"end":{"line":65,"column":50}},"4":{"start":{"line":66,"column":0},"end":{"line":66,"column":21}}},"fnMap":{},"branchMap":{},"s":{"0":0,"1":0,"2":0,"3":0,"4":0},"f":{},"b":{}}
,"C:\\New folder (2)\\Procurement-System\\Server\\src\\models\\orderRecipt\\orderRecipt.model.ts": {"path":"C:\\New folder (2)\\Procurement-System\\Server\\src\\models\\orderRecipt\\orderRecipt.model.ts","statementMap":{"0":{"start":{"line":1,"column":0},"end":{"line":1,"column":32}},"1":{"start":{"line":4,"column":26},"end":{"line":27,"column":null}},"2":{"start":{"line":30,"column":20},"end":{"line":30,"column":62}},"3":{"start":{"line":31,"column":0},"end":{"line":31,"column":27}}},"fnMap":{},"branchMap":{},"s":{"0":0,"1":0,"2":0,"3":0},"f":{},"b":{}}
,"C:\\New folder (2)\\Procurement-System\\Server\\src\\models\\payment\\payment.model.ts": {"path":"C:\\New folder (2)\\Procurement-System\\Server\\src\\models\\payment\\payment.model.ts","statementMap":{"0":{"start":{"line":1,"column":0},"end":{"line":1,"column":32}},"1":{"start":{"line":3,"column":15},"end":{"line":3,"column":30}},"2":{"start":{"line":5,"column":22},"end":{"line":24,"column":null}},"3":{"start":{"line":27,"column":16},"end":{"line":27,"column":56}},"4":{"start":{"line":28,"column":0},"end":{"line":28,"column":23}}},"fnMap":{},"branchMap":{},"s":{"0":0,"1":0,"2":0,"3":0,"4":0},"f":{},"b":{}}
,"C:\\New folder (2)\\Procurement-System\\Server\\src\\models\\paymentItem\\paymentItem.model.ts": {"path":"C:\\New folder (2)\\Procurement-System\\Server\\src\\models\\paymentItem\\paymentItem.model.ts","statementMap":{"0":{"start":{"line":1,"column":0},"end":{"line":1,"column":32}},"1":{"start":{"line":3,"column":15},"end":{"line":3,"column":30}},"2":{"start":{"line":5,"column":26},"end":{"line":28,"column":null}},"3":{"start":{"line":31,"column":20},"end":{"line":31,"column":68}},"4":{"start":{"line":32,"column":0},"end":{"line":32,"column":27}}},"fnMap":{},"branchMap":{},"s":{"0":0,"1":0,"2":0,"3":0,"4":0},"f":{},"b":{}}
,"C:\\New folder (2)\\Procurement-System\\Server\\src\\models\\site\\site.model.ts": {"path":"C:\\New folder (2)\\Procurement-System\\Server\\src\\models\\site\\site.model.ts","statementMap":{"0":{"start":{"line":1,"column":0},"end":{"line":1,"column":32}},"1":{"start":{"line":3,"column":15},"end":{"line":3,"column":30}},"2":{"start":{"line":5,"column":19},"end":{"line":20,"column":null}},"3":{"start":{"line":23,"column":13},"end":{"line":23,"column":47}},"4":{"start":{"line":24,"column":0},"end":{"line":24,"column":20}}},"fnMap":{},"branchMap":{},"s":{"0":0,"1":0,"2":0,"3":0,"4":0},"f":{},"b":{}}
,"C:\\New folder (2)\\Procurement-System\\Server\\src\\routes\\account.route.ts": {"path":"C:\\New folder (2)\\Procurement-System\\Server\\src\\routes\\account.route.ts","statementMap":{"0":{"start":{"line":1,"column":0},"end":{"line":1,"column":33}},"1":{"start":{"line":2,"column":0},"end":{"line":2,"column":65}},"2":{"start":{"line":3,"column":0},"end":{"line":3,"column":43}},"3":{"start":{"line":5,"column":13},"end":{"line":5,"column":37}},"4":{"start":{"line":7,"column":0},"end":{"line":7,"column":62}},"5":{"start":{"line":8,"column":0},"end":{"line":8,"column":53}},"6":{"start":{"line":9,"column":0},"end":{"line":12,"column":2}},"7":{"start":{"line":13,"column":0},"end":{"line":16,"column":2}},"8":{"start":{"line":17,"column":0},"end":{"line":17,"column":78}},"9":{"start":{"line":18,"column":0},"end":{"line":18,"column":79}},"10":{"start":{"line":19,"column":0},"end":{"line":22,"column":2}},"11":{"start":{"line":23,"column":0},"end":{"line":23,"column":83}}},"fnMap":{},"branchMap":{},"s":{"0":0,"1":0,"2":0,"3":0,"4":0,"5":0,"6":0,"7":0,"8":0,"9":0,"10":0,"11":0},"f":{},"b":{}}
,"C:\\New folder (2)\\Procurement-System\\Server\\src\\routes\\cart.route.ts": {"path":"C:\\New folder (2)\\Procurement-System\\Server\\src\\routes\\cart.route.ts","statementMap":{"0":{"start":{"line":1,"column":0},"end":{"line":1,"column":33}},"1":{"start":{"line":2,"column":0},"end":{"line":2,"column":59}},"2":{"start":{"line":4,"column":13},"end":{"line":4,"column":34}},"3":{"start":{"line":6,"column":0},"end":{"line":6,"column":57}},"4":{"start":{"line":7,"column":0},"end":{"line":7,"column":55}},"5":{"start":{"line":8,"column":0},"end":{"line":8,"column":57}},"6":{"start":{"line":9,"column":0},"end":{"line":9,"column":59}}},"fnMap":{},"branchMap":{},"s":{"0":0,"1":0,"2":0,"3":0,"4":0,"5":0,"6":0},"f":{},"b":{}}
,"C:\\New folder (2)\\Procurement-System\\Server\\src\\routes\\item.route.ts": {"path":"C:\\New folder (2)\\Procurement-System\\Server\\src\\routes\\item.route.ts","statementMap":{"0":{"start":{"line":1,"column":0},"end":{"line":1,"column":33}},"1":{"start":{"line":2,"column":0},"end":{"line":2,"column":59}},"2":{"start":{"line":4,"column":13},"end":{"line":4,"column":34}},"3":{"start":{"line":6,"column":0},"end":{"line":6,"column":57}},"4":{"start":{"line":7,"column":0},"end":{"line":7,"column":74}},"5":{"start":{"line":8,"column":0},"end":{"line":8,"column":64}},"6":{"start":{"line":9,"column":0},"end":{"line":9,"column":67}},"7":{"start":{"line":10,"column":0},"end":{"line":10,"column":56}}},"fnMap":{},"branchMap":{},"s":{"0":0,"1":0,"2":0,"3":0,"4":0,"5":0,"6":0,"7":0},"f":{},"b":{}}
,"C:\\New folder (2)\\Procurement-System\\Server\\src\\routes\\note.route.ts": {"path":"C:\\New folder (2)\\Procurement-System\\Server\\src\\routes\\note.route.ts","statementMap":{"0":{"start":{"line":1,"column":0},"end":{"line":1,"column":33}},"1":{"start":{"line":2,"column":0},"end":{"line":2,"column":59}},"2":{"start":{"line":4,"column":13},"end":{"line":4,"column":34}},"3":{"start":{"line":7,"column":0},"end":{"line":7,"column":60}},"4":{"start":{"line":10,"column":0},"end":{"line":10,"column":63}},"5":{"start":{"line":12,"column":0},"end":{"line":12,"column":25}}},"fnMap":{},"branchMap":{},"s":{"0":0,"1":0,"2":0,"3":0,"4":0,"5":0},"f":{},"b":{}}
,"C:\\New folder (2)\\Procurement-System\\Server\\src\\routes\\order.route.ts": {"path":"C:\\New folder (2)\\Procurement-System\\Server\\src\\routes\\order.route.ts","statementMap":{"0":{"start":{"line":1,"column":0},"end":{"line":1,"column":33}},"1":{"start":{"line":2,"column":0},"end":{"line":2,"column":61}},"2":{"start":{"line":3,"column":0},"end":{"line":3,"column":43}},"3":{"start":{"line":6,"column":13},"end":{"line":6,"column":35}},"4":{"start":{"line":8,"column":0},"end":{"line":8,"column":62}},"5":{"start":{"line":9,"column":0},"end":{"line":9,"column":61}},"6":{"start":{"line":10,"column":0},"end":{"line":14,"column":2}},"7":{"start":{"line":15,"column":0},"end":{"line":19,"column":2}},"8":{"start":{"line":20,"column":0},"end":{"line":20,"column":59}},"9":{"start":{"line":21,"column":0},"end":{"line":25,"column":2}},"10":{"start":{"line":26,"column":0},"end":{"line":30,"column":2}},"11":{"start":{"line":31,"column":0},"end":{"line":31,"column":63}},"12":{"start":{"line":35,"column":0},"end":{"line":35,"column":null}}},"fnMap":{},"branchMap":{},"s":{"0":0,"1":0,"2":0,"3":0,"4":0,"5":0,"6":0,"7":0,"8":0,"9":0,"10":0,"11":0,"12":0},"f":{},"b":{}}
,"C:\\New folder (2)\\Procurement-System\\Server\\src\\routes\\payment.route.ts": {"path":"C:\\New folder (2)\\Procurement-System\\Server\\src\\routes\\payment.route.ts","statementMap":{"0":{"start":{"line":1,"column":0},"end":{"line":1,"column":33}},"1":{"start":{"line":2,"column":0},"end":{"line":2,"column":65}},"2":{"start":{"line":3,"column":0},"end":{"line":3,"column":43}},"3":{"start":{"line":4,"column":13},"end":{"line":4,"column":37}},"4":{"start":{"line":6,"column":0},"end":{"line":6,"column":69}},"5":{"start":{"line":7,"column":0},"end":{"line":10,"column":2}},"6":{"start":{"line":11,"column":0},"end":{"line":11,"column":87}},"7":{"start":{"line":12,"column":1},"end":{"line":12,"column":84}}},"fnMap":{},"branchMap":{},"s":{"0":0,"1":0,"2":0,"3":0,"4":0,"5":0,"6":0,"7":0},"f":{},"b":{}}
,"C:\\New folder (2)\\Procurement-System\\Server\\src\\routes\\site.route.ts": {"path":"C:\\New folder (2)\\Procurement-System\\Server\\src\\routes\\site.route.ts","statementMap":{"0":{"start":{"line":1,"column":0},"end":{"line":1,"column":33}},"1":{"start":{"line":2,"column":0},"end":{"line":2,"column":59}},"2":{"start":{"line":3,"column":0},"end":{"line":3,"column":43}},"3":{"start":{"line":4,"column":13},"end":{"line":4,"column":34}},"4":{"start":{"line":6,"column":0},"end":{"line":6,"column":57}},"5":{"start":{"line":7,"column":0},"end":{"line":7,"column":62}},"6":{"start":{"line":8,"column":0},"end":{"line":8,"column":63}},"7":{"start":{"line":10,"column":0},"end":{"line":10,"column":61}},"8":{"start":{"line":11,"column":0},"end":{"line":11,"column":56}},"9":{"start":{"line":14,"column":0},"end":{"line":14,"column":64}},"10":{"start":{"line":15,"column":0},"end":{"line":15,"column":62}}},"fnMap":{},"branchMap":{},"s":{"0":0,"1":0,"2":0,"3":0,"4":0,"5":0,"6":0,"7":0,"8":0,"9":0,"10":0},"f":{},"b":{}}
,"C:\\New folder (2)\\Procurement-System\\Server\\src\\services\\account.service.ts": {"path":"C:\\New folder (2)\\Procurement-System\\Server\\src\\services\\account.service.ts","statementMap":{"0":{"start":{"line":1,"column":0},"end":{"line":1,"column":54}},"1":{"start":{"line":4,"column":2},"end":{"line":11,"column":null}},"2":{"start":{"line":5,"column":4},"end":{"line":5,"column":67}},"3":{"start":{"line":6,"column":21},"end":{"line":6,"column":59}},"4":{"start":{"line":7,"column":4},"end":{"line":7,"column":42}},"5":{"start":{"line":8,"column":4},"end":{"line":8,"column":20}},"6":{"start":{"line":10,"column":4},"end":{"line":10,"column":14}},"7":{"start":{"line":15,"column":2},"end":{"line":23,"column":null}},"8":{"start":{"line":16,"column":4},"end":{"line":16,"column":71}},"9":{"start":{"line":17,"column":36},"end":{"line":17,"column":59}},"10":{"start":{"line":18,"column":21},"end":{"line":18,"column":78}},"11":{"start":{"line":19,"column":4},"end":{"line":19,"column":42}},"12":{"start":{"line":20,"column":4},"end":{"line":20,"column":20}},"13":{"start":{"line":22,"column":4},"end":{"line":22,"column":14}},"14":{"start":{"line":30,"column":2},"end":{"line":45,"column":null}},"15":{"start":{"line":31,"column":4},"end":{"line":31,"column":27}},"16":{"start":{"line":32,"column":4},"end":{"line":32,"column":29}},"17":{"start":{"line":33,"column":24},"end":{"line":36,"column":null}},"18":{"start":{"line":38,"column":4},"end":{"line":38,"column":29}},"19":{"start":{"line":39,"column":4},"end":{"line":41,"column":null}},"20":{"start":{"line":40,"column":6},"end":{"line":40,"column":43}},"21":{"start":{"line":42,"column":4},"end":{"line":42,"column":23}},"22":{"start":{"line":44,"column":4},"end":{"line":44,"column":14}},"23":{"start":{"line":49,"column":2},"end":{"line":57,"column":null}},"24":{"start":{"line":50,"column":27},"end":{"line":50,"column":66}},"25":{"start":{"line":51,"column":4},"end":{"line":53,"column":null}},"26":{"start":{"line":52,"column":6},"end":{"line":52,"column":40}},"27":{"start":{"line":54,"column":4},"end":{"line":54,"column":16}},"28":{"start":{"line":56,"column":4},"end":{"line":56,"column":14}},"29":{"start":{"line":65,"column":16},"end":{"line":65,"column":35}},"30":{"start":{"line":66,"column":2},"end":{"line":71,"column":null}},"31":{"start":{"line":67,"column":34},"end":{"line":67,"column":39}},"32":{"start":{"line":68,"column":4},"end":{"line":68,"column":35}},"33":{"start":{"line":70,"column":4},"end":{"line":70,"column":48}},"34":{"start":{"line":74,"column":0},"end":{"line":79,"column":2}}},"fnMap":{"0":{"name":"findAccountByCatogory","decl":{"start":{"line":3,"column":15},"end":{"line":3,"column":36}},"loc":{"start":{"line":3,"column":53},"end":{"line":12,"column":null}}},"1":{"name":"findItemsByUserName","decl":{"start":{"line":14,"column":15},"end":{"line":14,"column":34}},"loc":{"start":{"line":14,"column":51},"end":{"line":24,"column":null}}},"2":{"name":"updateAccount","decl":{"start":{"line":26,"column":15},"end":{"line":26,"column":28}},"loc":{"start":{"line":28,"column":18},"end":{"line":46,"column":null}}},"3":{"name":"deleteAccount","decl":{"start":{"line":48,"column":15},"end":{"line":48,"column":28}},"loc":{"start":{"line":48,"column":43},"end":{"line":58,"column":null}}},"4":{"name":"splitFullName","decl":{"start":{"line":61,"column":9},"end":{"line":61,"column":22}},"loc":{"start":{"line":61,"column":39},"end":{"line":72,"column":1}}}},"branchMap":{"0":{"loc":{"start":{"line":39,"column":4},"end":{"line":41,"column":null}},"type":"if","locations":[{"start":{"line":39,"column":4},"end":{"line":41,"column":null}}]},"1":{"loc":{"start":{"line":51,"column":4},"end":{"line":53,"column":null}},"type":"if","locations":[{"start":{"line":51,"column":4},"end":{"line":53,"column":null}}]},"2":{"loc":{"start":{"line":66,"column":2},"end":{"line":71,"column":null}},"type":"if","locations":[{"start":{"line":66,"column":2},"end":{"line":71,"column":null}},{"start":{"line":69,"column":9},"end":{"line":71,"column":null}}]}},"s":{"0":0,"1":0,"2":0,"3":0,"4":0,"5":0,"6":0,"7":0,"8":0,"9":0,"10":0,"11":0,"12":0,"13":0,"14":0,"15":0,"16":0,"17":0,"18":0,"19":0,"20":0,"21":0,"22":0,"23":0,"24":0,"25":0,"26":0,"27":0,"28":0,"29":0,"30":0,"31":0,"32":0,"33":0,"34":0},"f":{"0":0,"1":0,"2":0,"3":0,"4":0},"b":{"0":[0],"1":[0],"2":[0,0]}}
,"C:\\New folder (2)\\Procurement-System\\Server\\src\\services\\cart.service.ts": {"path":"C:\\New folder (2)\\Procurement-System\\Server\\src\\services\\cart.service.ts","statementMap":{"0":{"start":{"line":1,"column":0},"end":{"line":1,"column":50}},"1":{"start":{"line":3,"column":19},"end":{"line":10,"column":2}},"2":{"start":{"line":3,"column":47},"end":{"line":10,"column":2}},"3":{"start":{"line":4,"column":2},"end":{"line":9,"column":null}},"4":{"start":{"line":5,"column":21},"end":{"line":5,"column":46}},"5":{"start":{"line":6,"column":4},"end":{"line":6,"column":20}},"6":{"start":{"line":8,"column":4},"end":{"line":8,"column":14}},"7":{"start":{"line":13,"column":2},"end":{"line":13,"column":36}},"8":{"start":{"line":14,"column":2},"end":{"line":20,"column":null}},"9":{"start":{"line":15,"column":18},"end":{"line":15,"column":42}},"10":{"start":{"line":16,"column":4},"end":{"line":16,"column":39}},"11":{"start":{"line":17,"column":4},"end":{"line":17,"column":17}},"12":{"start":{"line":19,"column":4},"end":{"line":19,"column":14}},"13":{"start":{"line":24,"column":2},"end":{"line":30,"column":null}},"14":{"start":{"line":25,"column":24},"end":{"line":25,"column":52}},"15":{"start":{"line":27,"column":4},"end":{"line":27,"column":16}},"16":{"start":{"line":29,"column":4},"end":{"line":29,"column":14}},"17":{"start":{"line":34,"column":2},"end":{"line":43,"column":null}},"18":{"start":{"line":35,"column":24},"end":{"line":35,"column":78}},"19":{"start":{"line":37,"column":4},"end":{"line":39,"column":null}},"20":{"start":{"line":38,"column":6},"end":{"line":38,"column":48}},"21":{"start":{"line":40,"column":4},"end":{"line":40,"column":23}},"22":{"start":{"line":42,"column":4},"end":{"line":42,"column":14}},"23":{"start":{"line":46,"column":0},"end":{"line":51,"column":2}}},"fnMap":{"0":{"name":"(anonymous_8)","decl":{"start":{"line":3,"column":19},"end":{"line":3,"column":26}},"loc":{"start":{"line":3,"column":47},"end":{"line":10,"column":2}}},"1":{"name":"(anonymous_9)","decl":{"start":{"line":3,"column":47},"end":{"line":3,"column":null}},"loc":{"start":{"line":3,"column":47},"end":{"line":10,"column":1}}},"2":{"name":"getCartItems","decl":{"start":{"line":12,"column":15},"end":{"line":12,"column":27}},"loc":{"start":{"line":12,"column":27},"end":{"line":21,"column":null}}},"3":{"name":"clearCart","decl":{"start":{"line":23,"column":15},"end":{"line":23,"column":24}},"loc":{"start":{"line":23,"column":39},"end":{"line":31,"column":null}}},"4":{"name":"updateCartItem","decl":{"start":{"line":33,"column":15},"end":{"line":33,"column":29}},"loc":{"start":{"line":33,"column":62},"end":{"line":44,"column":null}}}},"branchMap":{"0":{"loc":{"start":{"line":37,"column":4},"end":{"line":39,"column":null}},"type":"if","locations":[{"start":{"line":37,"column":4},"end":{"line":39,"column":null}}]}},"s":{"0":0,"1":0,"2":0,"3":0,"4":0,"5":0,"6":0,"7":0,"8":0,"9":0,"10":0,"11":0,"12":0,"13":0,"14":0,"15":0,"16":0,"17":0,"18":0,"19":0,"20":0,"21":0,"22":0,"23":0},"f":{"0":0,"1":0,"2":0,"3":0,"4":0},"b":{"0":[0]}}
,"C:\\New folder (2)\\Procurement-System\\Server\\src\\services\\deliveryNote.Service.ts": {"path":"C:\\New folder (2)\\Procurement-System\\Server\\src\\services\\deliveryNote.Service.ts","statementMap":{"0":{"start":{"line":2,"column":0},"end":{"line":2,"column":60}},"1":{"start":{"line":5,"column":19},"end":{"line":16,"column":2}},"2":{"start":{"line":5,"column":48},"end":{"line":16,"column":2}},"3":{"start":{"line":6,"column":2},"end":{"line":15,"column":null}},"4":{"start":{"line":11,"column":20},"end":{"line":11,"column":55}},"5":{"start":{"line":12,"column":4},"end":{"line":12,"column":19}},"6":{"start":{"line":14,"column":4},"end":{"line":14,"column":14}},"7":{"start":{"line":19,"column":2},"end":{"line":24,"column":null}},"8":{"start":{"line":20,"column":18},"end":{"line":20,"column":40}},"9":{"start":{"line":21,"column":4},"end":{"line":21,"column":17}},"10":{"start":{"line":23,"column":4},"end":{"line":23,"column":16}},"11":{"start":{"line":27,"column":0},"end":{"line":27,"column":43}}},"fnMap":{"0":{"name":"(anonymous_8)","decl":{"start":{"line":5,"column":19},"end":{"line":5,"column":26}},"loc":{"start":{"line":5,"column":48},"end":{"line":16,"column":2}}},"1":{"name":"(anonymous_9)","decl":{"start":{"line":5,"column":48},"end":{"line":5,"column":null}},"loc":{"start":{"line":5,"column":48},"end":{"line":16,"column":1}}},"2":{"name":"getAllNotes","decl":{"start":{"line":18,"column":15},"end":{"line":18,"column":26}},"loc":{"start":{"line":18,"column":26},"end":{"line":25,"column":null}}}},"branchMap":{},"s":{"0":0,"1":0,"2":0,"3":0,"4":0,"5":0,"6":0,"7":0,"8":0,"9":0,"10":0,"11":0},"f":{"0":0,"1":0,"2":0},"b":{}}
,"C:\\New folder (2)\\Procurement-System\\Server\\src\\services\\item.service.ts": {"path":"C:\\New folder (2)\\Procurement-System\\Server\\src\\services\\item.service.ts","statementMap":{"0":{"start":{"line":1,"column":0},"end":{"line":1,"column":50}},"1":{"start":{"line":3,"column":0},"end":{"line":3,"column":47}},"2":{"start":{"line":7,"column":2},"end":{"line":32,"column":null}},"3":{"start":{"line":8,"column":4},"end":{"line":8,"column":34}},"4":{"start":{"line":10,"column":21},"end":{"line":11,"column":null}},"5":{"start":{"line":13,"column":4},"end":{"line":13,"column":26}},"6":{"start":{"line":14,"column":4},"end":{"line":16,"column":null}},"7":{"start":{"line":15,"column":6},"end":{"line":15,"column":49}},"8":{"start":{"line":19,"column":22},"end":{"line":22,"column":6}},"9":{"start":{"line":23,"column":4},"end":{"line":25,"column":null}},"10":{"start":{"line":24,"column":6},"end":{"line":24,"column":45}},"11":{"start":{"line":26,"column":4},"end":{"line":26,"column":30}},"12":{"start":{"line":28,"column":24},"end":{"line":28,"column":51}},"13":{"start":{"line":29,"column":4},"end":{"line":29,"column":23}},"14":{"start":{"line":31,"column":4},"end":{"line":31,"column":14}},"15":{"start":{"line":37,"column":2},"end":{"line":45,"column":null}},"16":{"start":{"line":38,"column":4},"end":{"line":38,"column":59}},"17":{"start":{"line":40,"column":18},"end":{"line":40,"column":62}},"18":{"start":{"line":41,"column":4},"end":{"line":41,"column":39}},"19":{"start":{"line":42,"column":4},"end":{"line":42,"column":17}},"20":{"start":{"line":44,"column":4},"end":{"line":44,"column":14}},"21":{"start":{"line":50,"column":2},"end":{"line":50,"column":36}},"22":{"start":{"line":51,"column":2},"end":{"line":58,"column":null}},"23":{"start":{"line":53,"column":18},"end":{"line":53,"column":42}},"24":{"start":{"line":54,"column":4},"end":{"line":54,"column":39}},"25":{"start":{"line":55,"column":4},"end":{"line":55,"column":17}},"26":{"start":{"line":57,"column":4},"end":{"line":57,"column":14}},"27":{"start":{"line":63,"column":2},"end":{"line":75,"column":null}},"28":{"start":{"line":65,"column":24},"end":{"line":67,"column":6}},"29":{"start":{"line":69,"column":4},"end":{"line":71,"column":null}},"30":{"start":{"line":70,"column":6},"end":{"line":70,"column":40}},"31":{"start":{"line":72,"column":4},"end":{"line":72,"column":23}},"32":{"start":{"line":74,"column":4},"end":{"line":74,"column":14}},"33":{"start":{"line":80,"column":2},"end":{"line":91,"column":null}},"34":{"start":{"line":82,"column":24},"end":{"line":82,"column":65}},"35":{"start":{"line":84,"column":4},"end":{"line":86,"column":null}},"36":{"start":{"line":85,"column":6},"end":{"line":85,"column":40}},"37":{"start":{"line":88,"column":4},"end":{"line":88,"column":16}},"38":{"start":{"line":90,"column":4},"end":{"line":90,"column":14}},"39":{"start":{"line":95,"column":0},"end":{"line":101,"column":2}}},"fnMap":{"0":{"name":"insertItem","decl":{"start":{"line":6,"column":15},"end":{"line":6,"column":25}},"loc":{"start":{"line":6,"column":34},"end":{"line":33,"column":null}}},"1":{"name":"findItemsByName","decl":{"start":{"line":36,"column":15},"end":{"line":36,"column":30}},"loc":{"start":{"line":36,"column":47},"end":{"line":46,"column":null}}},"2":{"name":"getAllItems","decl":{"start":{"line":49,"column":15},"end":{"line":49,"column":26}},"loc":{"start":{"line":49,"column":26},"end":{"line":59,"column":null}}},"3":{"name":"updateItem","decl":{"start":{"line":62,"column":15},"end":{"line":62,"column":25}},"loc":{"start":{"line":62,"column":58},"end":{"line":76,"column":null}}},"4":{"name":"deleteItem","decl":{"start":{"line":79,"column":15},"end":{"line":79,"column":25}},"loc":{"start":{"line":79,"column":40},"end":{"line":92,"column":null}}}},"branchMap":{"0":{"loc":{"start":{"line":14,"column":4},"end":{"line":16,"column":null}},"type":"if","locations":[{"start":{"line":14,"column":4},"end":{"line":16,"column":null}}]},"1":{"loc":{"start":{"line":23,"column":4},"end":{"line":25,"column":null}},"type":"if","locations":[{"start":{"line":23,"column":4},"end":{"line":25,"column":null}}]},"2":{"loc":{"start":{"line":69,"column":4},"end":{"line":71,"column":null}},"type":"if","locations":[{"start":{"line":69,"column":4},"end":{"line":71,"column":null}}]},"3":{"loc":{"start":{"line":84,"column":4},"end":{"line":86,"column":null}},"type":"if","locations":[{"start":{"line":84,"column":4},"end":{"line":86,"column":null}}]}},"s":{"0":0,"1":0,"2":0,"3":0,"4":0,"5":0,"6":0,"7":0,"8":0,"9":0,"10":0,"11":0,"12":0,"13":0,"14":0,"15":0,"16":0,"17":0,"18":0,"19":0,"20":0,"21":0,"22":0,"23":0,"24":0,"25":0,"26":0,"27":0,"28":0,"29":0,"30":0,"31":0,"32":0,"33":0,"34":0,"35":0,"36":0,"37":0,"38":0,"39":0},"f":{"0":0,"1":0,"2":0,"3":0,"4":0},"b":{"0":[0],"1":[0],"2":[0],"3":[0]}}
,"C:\\New folder (2)\\Procurement-System\\Server\\src\\services\\order.service.ts": {"path":"C:\\New folder (2)\\Procurement-System\\Server\\src\\services\\order.service.ts","statementMap":{"0":{"start":{"line":1,"column":0},"end":{"line":1,"column":36}},"1":{"start":{"line":2,"column":0},"end":{"line":2,"column":53}},"2":{"start":{"line":3,"column":0},"end":{"line":3,"column":50}},"3":{"start":{"line":7,"column":25},"end":{"line":46,"column":1}},"4":{"start":{"line":8,"column":10},"end":{"line":8,"column":47}},"5":{"start":{"line":9,"column":2},"end":{"line":11,"column":null}},"6":{"start":{"line":10,"column":4},"end":{"line":10,"column":null}},"7":{"start":{"line":12,"column":2},"end":{"line":45,"column":null}},"8":{"start":{"line":13,"column":4},"end":{"line":13,"column":40}},"9":{"start":{"line":14,"column":22},"end":{"line":20,"column":6}},"10":{"start":{"line":22,"column":22},"end":{"line":35,"column":6}},"11":{"start":{"line":36,"column":4},"end":{"line":42,"column":7}},"12":{"start":{"line":37,"column":6},"end":{"line":41,"column":null}},"13":{"start":{"line":38,"column":8},"end":{"line":38,"column":27}},"14":{"start":{"line":40,"column":8},"end":{"line":40,"column":52}},"15":{"start":{"line":44,"column":4},"end":{"line":44,"column":21}},"16":{"start":{"line":48,"column":20},"end":{"line":55,"column":2}},"17":{"start":{"line":48,"column":48},"end":{"line":55,"column":2}},"18":{"start":{"line":49,"column":2},"end":{"line":54,"column":null}},"19":{"start":{"line":50,"column":21},"end":{"line":50,"column":46}},"20":{"start":{"line":51,"column":4},"end":{"line":51,"column":20}},"21":{"start":{"line":53,"column":4},"end":{"line":53,"column":14}},"22":{"start":{"line":57,"column":19},"end":{"line":64,"column":2}},"23":{"start":{"line":57,"column":30},"end":{"line":64,"column":2}},"24":{"start":{"line":58,"column":2},"end":{"line":63,"column":null}},"25":{"start":{"line":59,"column":18},"end":{"line":59,"column":42}},"26":{"start":{"line":60,"column":4},"end":{"line":60,"column":21}},"27":{"start":{"line":62,"column":4},"end":{"line":62,"column":14}},"28":{"start":{"line":65,"column":23},"end":{"line":86,"column":2}},"29":{"start":{"line":65,"column":44},"end":{"line":86,"column":2}},"30":{"start":{"line":66,"column":2},"end":{"line":85,"column":null}},"31":{"start":{"line":67,"column":17},"end":{"line":67,"column":27}},"32":{"start":{"line":68,"column":22},"end":{"line":68,"column":41}},"33":{"start":{"line":69,"column":21},"end":{"line":69,"column":39}},"34":{"start":{"line":70,"column":23},"end":{"line":70,"column":49}},"35":{"start":{"line":72,"column":17},"end":{"line":72,"column":45}},"36":{"start":{"line":74,"column":4},"end":{"line":76,"column":null}},"37":{"start":{"line":75,"column":6},"end":{"line":75,"column":29}},"38":{"start":{"line":77,"column":24},"end":{"line":80,"column":6}},"39":{"start":{"line":82,"column":4},"end":{"line":82,"column":23}},"40":{"start":{"line":84,"column":4},"end":{"line":84,"column":14}},"41":{"start":{"line":88,"column":21},"end":{"line":95,"column":2}},"42":{"start":{"line":88,"column":42},"end":{"line":95,"column":2}},"43":{"start":{"line":89,"column":2},"end":{"line":94,"column":null}},"44":{"start":{"line":90,"column":22},"end":{"line":90,"column":51}},"45":{"start":{"line":91,"column":4},"end":{"line":91,"column":21}},"46":{"start":{"line":93,"column":4},"end":{"line":93,"column":14}},"47":{"start":{"line":98,"column":26},"end":{"line":109,"column":2}},"48":{"start":{"line":98,"column":73},"end":{"line":109,"column":2}},"49":{"start":{"line":99,"column":2},"end":{"line":108,"column":null}},"50":{"start":{"line":100,"column":4},"end":{"line":100,"column":36}},"51":{"start":{"line":101,"column":18},"end":{"line":103,"column":null}},"52":{"start":{"line":105,"column":4},"end":{"line":105,"column":30}},"53":{"start":{"line":107,"column":4},"end":{"line":107,"column":14}},"54":{"start":{"line":111,"column":26},"end":{"line":123,"column":2}},"55":{"start":{"line":111,"column":47},"end":{"line":123,"column":2}},"56":{"start":{"line":112,"column":2},"end":{"line":122,"column":null}},"57":{"start":{"line":113,"column":22},"end":{"line":113,"column":51}},"58":{"start":{"line":115,"column":4},"end":{"line":117,"column":null}},"59":{"start":{"line":116,"column":6},"end":{"line":116,"column":30}},"60":{"start":{"line":118,"column":19},"end":{"line":118,"column":70}},"61":{"start":{"line":119,"column":4},"end":{"line":119,"column":33}},"62":{"start":{"line":121,"column":4},"end":{"line":121,"column":14}},"63":{"start":{"line":125,"column":25},"end":{"line":164,"column":2}},"64":{"start":{"line":125,"column":46},"end":{"line":164,"column":2}},"65":{"start":{"line":126,"column":2},"end":{"line":163,"column":null}},"66":{"start":{"line":127,"column":20},"end":{"line":127,"column":22}},"67":{"start":{"line":128,"column":21},"end":{"line":128,"column":22}},"68":{"start":{"line":129,"column":20},"end":{"line":129,"column":21}},"69":{"start":{"line":130,"column":17},"end":{"line":130,"column":27}},"70":{"start":{"line":131,"column":22},"end":{"line":131,"column":41}},"71":{"start":{"line":132,"column":21},"end":{"line":132,"column":39}},"72":{"start":{"line":133,"column":23},"end":{"line":133,"column":49}},"73":{"start":{"line":135,"column":21},"end":{"line":135,"column":49}},"74":{"start":{"line":137,"column":4},"end":{"line":139,"column":null}},"75":{"start":{"line":138,"column":6},"end":{"line":138,"column":36}},"76":{"start":{"line":141,"column":23},"end":{"line":141,"column":48}},"77":{"start":{"line":143,"column":4},"end":{"line":147,"column":7}},"78":{"start":{"line":149,"column":4},"end":{"line":149,"column":27}},"79":{"start":{"line":151,"column":4},"end":{"line":153,"column":7}},"80":{"start":{"line":152,"column":6},"end":{"line":152,"column":48}},"81":{"start":{"line":154,"column":4},"end":{"line":154,"column":40}},"82":{"start":{"line":156,"column":4},"end":{"line":160,"column":6}},"83":{"start":{"line":162,"column":4},"end":{"line":162,"column":14}},"84":{"start":{"line":166,"column":20},"end":{"line":173,"column":2}},"85":{"start":{"line":166,"column":41},"end":{"line":173,"column":2}},"86":{"start":{"line":167,"column":2},"end":{"line":172,"column":null}},"87":{"start":{"line":168,"column":17},"end":{"line":168,"column":55}},"88":{"start":{"line":169,"column":4},"end":{"line":169,"column":35}},"89":{"start":{"line":171,"column":4},"end":{"line":171,"column":14}},"90":{"start":{"line":175,"column":24},"end":{"line":186,"column":2}},"91":{"start":{"line":175,"column":35},"end":{"line":186,"column":2}},"92":{"start":{"line":176,"column":2},"end":{"line":185,"column":null}},"93":{"start":{"line":177,"column":17},"end":{"line":177,"column":27}},"94":{"start":{"line":178,"column":22},"end":{"line":178,"column":41}},"95":{"start":{"line":179,"column":21},"end":{"line":179,"column":39}},"96":{"start":{"line":180,"column":23},"end":{"line":180,"column":49}},"97":{"start":{"line":181,"column":17},"end":{"line":181,"column":66}},"98":{"start":{"line":182,"column":4},"end":{"line":182,"column":16}},"99":{"start":{"line":184,"column":4},"end":{"line":184,"column":14}},"100":{"start":{"line":190,"column":2},"end":{"line":195,"column":null}},"101":{"start":{"line":191,"column":26},"end":{"line":191,"column":49}},"102":{"start":{"line":192,"column":4},"end":{"line":192,"column":25}},"103":{"start":{"line":194,"column":4},"end":{"line":194,"column":14}},"104":{"start":{"line":199,"column":0},"end":{"line":210,"column":2}}},"fnMap":{"0":{"name":"(anonymous_8)","decl":{"start":{"line":7,"column":25},"end":{"line":7,"column":26}},"loc":{"start":{"line":7,"column":72},"end":{"line":46,"column":1}}},"1":{"name":"(anonymous_9)","decl":{"start":{"line":36,"column":38},"end":{"line":36,"column":39}},"loc":{"start":{"line":36,"column":54},"end":{"line":42,"column":5}}},"2":{"name":"(anonymous_10)","decl":{"start":{"line":48,"column":20},"end":{"line":48,"column":27}},"loc":{"start":{"line":48,"column":48},"end":{"line":55,"column":2}}},"3":{"name":"(anonymous_11)","decl":{"start":{"line":48,"column":48},"end":{"line":48,"column":null}},"loc":{"start":{"line":48,"column":48},"end":{"line":55,"column":1}}},"4":{"name":"(anonymous_12)","decl":{"start":{"line":57,"column":19},"end":{"line":57,"column":28}},"loc":{"start":{"line":57,"column":30},"end":{"line":64,"column":2}}},"5":{"name":"(anonymous_13)","decl":{"start":{"line":57,"column":30},"end":{"line":57,"column":null}},"loc":{"start":{"line":57,"column":30},"end":{"line":64,"column":1}}},"6":{"name":"(anonymous_14)","decl":{"start":{"line":65,"column":23},"end":{"line":65,"column":30}},"loc":{"start":{"line":65,"column":44},"end":{"line":86,"column":2}}},"7":{"name":"(anonymous_15)","decl":{"start":{"l
[...]
,"C:\\New folder (2)\\Procurement-System\\Server\\src\\services\\payment.service.ts": {"path":"C:\\New folder (2)\\Procurement-System\\Server\\src\\services\\payment.service.ts","statementMap":{"0":{"start":{"line":1,"column":0},"end":{"line":1,"column":59}},"1":{"start":{"line":2,"column":0},"end":{"line":2,"column":59}},"2":{"start":{"line":3,"column":0},"end":{"line":3,"column":53}},"3":{"start":{"line":5,"column":0},"end":{"line":5,"column":71}},"4":{"start":{"line":8,"column":2},"end":{"line":22,"column":null}},"5":{"start":{"line":9,"column":21},"end":{"line":9,"column":73}},"6":{"start":{"line":10,"column":27},"end":{"line":10,"column":79}},"7":{"start":{"line":11,"column":4},"end":{"line":13,"column":null}},"8":{"start":{"line":12,"column":6},"end":{"line":12,"column":49}},"9":{"start":{"line":14,"column":4},"end":{"line":16,"column":null}},"10":{"start":{"line":15,"column":6},"end":{"line":15,"column":56}},"11":{"start":{"line":18,"column":27},"end":{"line":18,"column":57}},"12":{"start":{"line":19,"column":4},"end":{"line":19,"column":26}},"13":{"start":{"line":21,"column":4},"end":{"line":21,"column":14}},"14":{"start":{"line":25,"column":35},"end":{"line":36,"column":2}},"15":{"start":{"line":25,"column":56},"end":{"line":36,"column":2}},"16":{"start":{"line":26,"column":2},"end":{"line":35,"column":null}},"17":{"start":{"line":27,"column":21},"end":{"line":27,"column":61}},"18":{"start":{"line":28,"column":4},"end":{"line":30,"column":null}},"19":{"start":{"line":29,"column":6},"end":{"line":29,"column":44}},"20":{"start":{"line":31,"column":27},"end":{"line":31,"column":73}},"21":{"start":{"line":32,"column":4},"end":{"line":32,"column":26}},"22":{"start":{"line":34,"column":4},"end":{"line":34,"column":14}},"23":{"start":{"line":38,"column":22},"end":{"line":51,"column":2}},"24":{"start":{"line":38,"column":50},"end":{"line":51,"column":2}},"25":{"start":{"line":39,"column":2},"end":{"line":50,"column":null}},"26":{"start":{"line":40,"column":22},"end":{"line":40,"column":69}},"27":{"start":{"line":42,"column":4},"end":{"line":44,"column":null}},"28":{"start":{"line":43,"column":6},"end":{"line":43,"column":30}},"29":{"start":{"line":46,"column":20},"end":{"line":46,"column":54}},"30":{"start":{"line":47,"column":4},"end":{"line":47,"column":19}},"31":{"start":{"line":49,"column":4},"end":{"line":49,"column":14}},"32":{"start":{"line":53,"column":0},"end":{"line":53,"column":76}}},"fnMap":{"0":{"name":"insertPayment","decl":{"start":{"line":7,"column":15},"end":{"line":7,"column":28}},"loc":{"start":{"line":7,"column":37},"end":{"line":23,"column":null}}},"1":{"name":"(anonymous_10)","decl":{"start":{"line":25,"column":35},"end":{"line":25,"column":42}},"loc":{"start":{"line":25,"column":56},"end":{"line":36,"column":2}}},"2":{"name":"(anonymous_11)","decl":{"start":{"line":25,"column":56},"end":{"line":25,"column":null}},"loc":{"start":{"line":25,"column":56},"end":{"line":36,"column":1}}},"3":{"name":"(anonymous_12)","decl":{"start":{"line":38,"column":22},"end":{"line":38,"column":29}},"loc":{"start":{"line":38,"column":50},"end":{"line":51,"column":2}}},"4":{"name":"(anonymous_13)","decl":{"start":{"line":38,"column":50},"end":{"line":38,"column":null}},"loc":{"start":{"line":38,"column":50},"end":{"line":51,"column":1}}}},"branchMap":{"0":{"loc":{"start":{"line":11,"column":4},"end":{"line":13,"column":null}},"type":"if","locations":[{"start":{"line":11,"column":4},"end":{"line":13,"column":null}}]},"1":{"loc":{"start":{"line":14,"column":4},"end":{"line":16,"column":null}},"type":"if","locations":[{"start":{"line":14,"column":4},"end":{"line":16,"column":null}}]},"2":{"loc":{"start":{"line":28,"column":4},"end":{"line":30,"column":null}},"type":"if","locations":[{"start":{"line":28,"column":4},"end":{"line":30,"column":null}}]},"3":{"loc":{"start":{"line":42,"column":4},"end":{"line":44,"column":null}},"type":"if","locations":[{"start":{"line":42,"column":4},"end":{"line":44,"column":null}}]}},"s":{"0":0,"1":0,"2":0,"3":0,"4":0,"5":0,"6":0,"7":0,"8":0,"9":0,"10":0,"11":0,"12":0,"13":0,"14":0,"15":0,"16":0,"17":0,"18":0,"19":0,"20":0,"21":0,"22":0,"23":0,"24":0,"25":0,"26":0,"27":0,"28":0,"29":0,"30":0,"31":0,"32":0},"f":{"0":0,"1":0,"2":0,"3":0,"4":0},"b":{"0":[0],"1":[0],"2":[0],"3":[0]}}
,"C:\\New folder (2)\\Procurement-System\\Server\\src\\services\\site.service.ts": {"path":"C:\\New folder (2)\\Procurement-System\\Server\\src\\services\\site.service.ts","statementMap":{"0":{"start":{"line":1,"column":0},"end":{"line":1,"column":54}},"1":{"start":{"line":3,"column":0},"end":{"line":3,"column":62}},"2":{"start":{"line":5,"column":0},"end":{"line":5,"column":50}},"3":{"start":{"line":8,"column":2},"end":{"line":18,"column":null}},"4":{"start":{"line":9,"column":24},"end":{"line":9,"column":75}},"5":{"start":{"line":10,"column":4},"end":{"line":12,"column":null}},"6":{"start":{"line":11,"column":6},"end":{"line":11,"column":49}},"7":{"start":{"line":14,"column":24},"end":{"line":14,"column":51}},"8":{"start":{"line":15,"column":4},"end":{"line":15,"column":23}},"9":{"start":{"line":17,"column":4},"end":{"line":17,"column":14}},"10":{"start":{"line":21,"column":16},"end":{"line":28,"column":2}},"11":{"start":{"line":21,"column":27},"end":{"line":28,"column":2}},"12":{"start":{"line":22,"column":2},"end":{"line":27,"column":null}},"13":{"start":{"line":23,"column":17},"end":{"line":23,"column":39}},"14":{"start":{"line":24,"column":4},"end":{"line":24,"column":16}},"15":{"start":{"line":26,"column":4},"end":{"line":26,"column":14}},"16":{"start":{"line":30,"column":23},"end":{"line":44,"column":2}},"17":{"start":{"line":30,"column":46},"end":{"line":44,"column":2}},"18":{"start":{"line":31,"column":2},"end":{"line":43,"column":null}},"19":{"start":{"line":32,"column":4},"end":{"line":32,"column":32}},"20":{"start":{"line":33,"column":17},"end":{"line":33,"column":54}},"21":{"start":{"line":35,"column":4},"end":{"line":37,"column":null}},"22":{"start":{"line":36,"column":6},"end":{"line":36,"column":29}},"23":{"start":{"line":39,"column":23},"end":{"line":39,"column":56}},"24":{"start":{"line":40,"column":4},"end":{"line":40,"column":22}},"25":{"start":{"line":42,"column":4},"end":{"line":42,"column":14}},"26":{"start":{"line":53,"column":2},"end":{"line":66,"column":null}},"27":{"start":{"line":54,"column":25},"end":{"line":56,"column":null}},"28":{"start":{"line":58,"column":4},"end":{"line":58,"column":30}},"29":{"start":{"line":59,"column":4},"end":{"line":61,"column":null}},"30":{"start":{"line":60,"column":6},"end":{"line":60,"column":34}},"31":{"start":{"line":62,"column":4},"end":{"line":62,"column":68}},"32":{"start":{"line":63,"column":4},"end":{"line":63,"column":16}},"33":{"start":{"line":65,"column":4},"end":{"line":65,"column":14}},"34":{"start":{"line":71,"column":2},"end":{"line":76,"column":null}},"35":{"start":{"line":72,"column":27},"end":{"line":72,"column":76}},"36":{"start":{"line":73,"column":4},"end":{"line":73,"column":26}},"37":{"start":{"line":75,"column":4},"end":{"line":75,"column":14}},"38":{"start":{"line":81,"column":2},"end":{"line":86,"column":null}},"39":{"start":{"line":82,"column":27},"end":{"line":82,"column":78}},"40":{"start":{"line":83,"column":4},"end":{"line":83,"column":26}},"41":{"start":{"line":85,"column":4},"end":{"line":85,"column":14}},"42":{"start":{"line":91,"column":2},"end":{"line":101,"column":null}},"43":{"start":{"line":92,"column":26},"end":{"line":92,"column":74}},"44":{"start":{"line":94,"column":4},"end":{"line":96,"column":null}},"45":{"start":{"line":95,"column":6},"end":{"line":95,"column":50}},"46":{"start":{"line":98,"column":4},"end":{"line":98,"column":16}},"47":{"start":{"line":100,"column":4},"end":{"line":100,"column":14}},"48":{"start":{"line":104,"column":0},"end":{"line":112,"column":2}}},"fnMap":{"0":{"name":"insertSite","decl":{"start":{"line":7,"column":15},"end":{"line":7,"column":25}},"loc":{"start":{"line":7,"column":34},"end":{"line":19,"column":null}}},"1":{"name":"(anonymous_10)","decl":{"start":{"line":21,"column":16},"end":{"line":21,"column":25}},"loc":{"start":{"line":21,"column":27},"end":{"line":28,"column":2}}},"2":{"name":"(anonymous_11)","decl":{"start":{"line":21,"column":27},"end":{"line":21,"column":null}},"loc":{"start":{"line":21,"column":27},"end":{"line":28,"column":1}}},"3":{"name":"(anonymous_12)","decl":{"start":{"line":30,"column":23},"end":{"line":30,"column":30}},"loc":{"start":{"line":30,"column":46},"end":{"line":44,"column":2}}},"4":{"name":"(anonymous_13)","decl":{"start":{"line":30,"column":46},"end":{"line":30,"column":null}},"loc":{"start":{"line":30,"column":46},"end":{"line":44,"column":1}}},"5":{"name":"approveBudget","decl":{"start":{"line":47,"column":15},"end":{"line":47,"column":28}},"loc":{"start":{"line":51,"column":16},"end":{"line":67,"column":null}}},"6":{"name":"getAllBudgetRequests","decl":{"start":{"line":70,"column":15},"end":{"line":70,"column":35}},"loc":{"start":{"line":70,"column":35},"end":{"line":77,"column":null}}},"7":{"name":"getAllApprovedBudget","decl":{"start":{"line":80,"column":15},"end":{"line":80,"column":35}},"loc":{"start":{"line":80,"column":35},"end":{"line":87,"column":null}}},"8":{"name":"rejectBudget","decl":{"start":{"line":90,"column":15},"end":{"line":90,"column":27}},"loc":{"start":{"line":90,"column":43},"end":{"line":102,"column":null}}}},"branchMap":{"0":{"loc":{"start":{"line":10,"column":4},"end":{"line":12,"column":null}},"type":"if","locations":[{"start":{"line":10,"column":4},"end":{"line":12,"column":null}}]},"1":{"loc":{"start":{"line":35,"column":4},"end":{"line":37,"column":null}},"type":"if","locations":[{"start":{"line":35,"column":4},"end":{"line":37,"column":null}}]},"2":{"loc":{"start":{"line":59,"column":4},"end":{"line":61,"column":null}},"type":"if","locations":[{"start":{"line":59,"column":4},"end":{"line":61,"column":null}}]},"3":{"loc":{"start":{"line":94,"column":4},"end":{"line":96,"column":null}},"type":"if","locations":[{"start":{"line":94,"column":4},"end":{"line":96,"column":null}}]}},"s":{"0":0,"1":0,"2":0,"3":0,"4":0,"5":0,"6":0,"7":0,"8":0,"9":0,"10":0,"11":0,"12":0,"13":0,"14":0,"15":0,"16":0,"17":0,"18":0,"19":0,"20":0,"21":0,"22":0,"23":0,"24":0,"25":0,"26":0,"27":0,"28":0,"29":0,"30":0,"31":0,"32":0,"33":0,"34":0,"35":0,"36":0,"37":0,"38":0,"39":0,"40":0,"41":0,"42":0,"43":0,"44":0,"45":0,"46":0,"47":0,"48":0},"f":{"0":0,"1":0,"2":0,"3":0,"4":0,"5":0,"6":0,"7":0,"8":0},"b":{"0":[0],"1":[0],"2":[0],"3":[0]}}
,"C:\\New folder (2)\\Procurement-System\\Server\\src\\utils\\auth.service.ts": {"path":"C:\\New folder (2)\\Procurement-System\\Server\\src\\utils\\auth.service.ts","statementMap":{"0":{"start":{"line":1,"column":0},"end":{"line":1,"column":28}},"1":{"start":{"line":2,"column":0},"end":{"line":2,"column":47}},"2":{"start":{"line":5,"column":0},"end":{"line":5,"column":59}},"3":{"start":{"line":8,"column":2},"end":{"line":8,"column":35}},"4":{"start":{"line":12,"column":2},"end":{"line":12,"column":46}},"5":{"start":{"line":16,"column":2},"end":{"line":16,"column":23}},"6":{"start":{"line":17,"column":26},"end":{"line":17,"column":64}},"7":{"start":{"line":18,"column":2},"end":{"line":20,"column":null}},"8":{"start":{"line":19,"column":4},"end":{"line":19,"column":40}},"9":{"start":{"line":22,"column":2},"end":{"line":34,"column":null}},"10":{"start":{"line":23,"column":4},"end":{"line":23,"column":24}},"11":{"start":{"line":24,"column":18},"end":{"line":26,"column":6}},"12":{"start":{"line":27,"column":4},"end":{"line":27,"column":23}},"13":{"start":{"line":28,"column":4},"end":{"line":31,"column":6}},"14":{"start":{"line":33,"column":4},"end":{"line":33,"column":14}},"15":{"start":{"line":38,"column":2},"end":{"line":45,"column":null}},"16":{"start":{"line":39,"column":4},"end":{"line":39,"column":32}},"17":{"start":{"line":40,"column":20},"end":{"line":40,"column":43}},"18":{"start":{"line":41,"column":4},"end":{"line":41,"column":25}},"19":{"start":{"line":42,"column":4},"end":{"line":42,"column":19}},"20":{"start":{"line":44,"column":4},"end":{"line":44,"column":21}},"21":{"start":{"line":49,"column":14},"end":{"line":49,"column":58}},"22":{"start":{"line":51,"column":2},"end":{"line":53,"column":null}},"23":{"start":{"line":52,"column":4},"end":{"line":52,"column":41}},"24":{"start":{"line":54,"column":2},"end":{"line":54,"column":31}},"25":{"start":{"line":56,"column":16},"end":{"line":60,"column":4}},"26":{"start":{"line":62,"column":2},"end":{"line":62,"column":15}},"27":{"start":{"line":66,"column":2},"end":{"line":84,"column":null}},"28":{"start":{"line":67,"column":22},"end":{"line":67,"column":70}},"29":{"start":{"line":69,"column":4},"end":{"line":69,"column":21}},"30":{"start":{"line":70,"column":4},"end":{"line":72,"column":null}},"31":{"start":{"line":71,"column":6},"end":{"line":71,"column":59}},"32":{"start":{"line":74,"column":22},"end":{"line":74,"column":60}},"33":{"start":{"line":75,"column":4},"end":{"line":75,"column":27}},"34":{"start":{"line":77,"column":15},"end":{"line":77,"column":28}},"35":{"start":{"line":78,"column":4},"end":{"line":78,"column":33}},"36":{"start":{"line":80,"column":20},"end":{"line":80,"column":54}},"37":{"start":{"line":81,"column":4},"end":{"line":81,"column":19}},"38":{"start":{"line":83,"column":4},"end":{"line":83,"column":14}},"39":{"start":{"line":87,"column":0},"end":{"line":87,"column":68}}},"fnMap":{"0":{"name":"createPasswordHash","decl":{"start":{"line":7,"column":9},"end":{"line":7,"column":27}},"loc":{"start":{"line":7,"column":44},"end":{"line":9,"column":1}}},"1":{"name":"validatePassword","decl":{"start":{"line":11,"column":15},"end":{"line":11,"column":31}},"loc":{"start":{"line":11,"column":62},"end":{"line":13,"column":null}}},"2":{"name":"getToken","decl":{"start":{"line":15,"column":15},"end":{"line":15,"column":23}},"loc":{"start":{"line":15,"column":73},"end":{"line":35,"column":null}}},"3":{"name":"verifyToken","decl":{"start":{"line":37,"column":15},"end":{"line":37,"column":26}},"loc":{"start":{"line":37,"column":37},"end":{"line":46,"column":null}}},"4":{"name":"login","decl":{"start":{"line":48,"column":15},"end":{"line":48,"column":20}},"loc":{"start":{"line":48,"column":52},"end":{"line":63,"column":null}}},"5":{"name":"register","decl":{"start":{"line":65,"column":15},"end":{"line":65,"column":23}},"loc":{"start":{"line":65,"column":37},"end":{"line":85,"column":null}}}},"branchMap":{"0":{"loc":{"start":{"line":18,"column":2},"end":{"line":20,"column":null}},"type":"if","locations":[{"start":{"line":18,"column":2},"end":{"line":20,"column":null}}]},"1":{"loc":{"start":{"line":51,"column":2},"end":{"line":53,"column":null}},"type":"if","locations":[{"start":{"line":51,"column":2},"end":{"line":53,"column":null}}]},"2":{"loc":{"start":{"line":70,"column":4},"end":{"line":72,"column":null}},"type":"if","locations":[{"start":{"line":70,"column":4},"end":{"line":72,"column":null}}]}},"s":{"0":0,"1":0,"2":0,"3":0,"4":0,"5":0,"6":0,"7":0,"8":0,"9":0,"10":0,"11":0,"12":0,"13":0,"14":0,"15":0,"16":0,"17":0,"18":0,"19":0,"20":0,"21":0,"22":0,"23":0,"24":0,"25":0,"26":0,"27":0,"28":0,"29":0,"30":0,"31":0,"32":0,"33":0,"34":0,"35":0,"36":0,"37":0,"38":0,"39":0},"f":{"0":0,"1":0,"2":0,"3":0,"4":0,"5":0},"b":{"0":[0],"1":[0],"2":[0]}}
,"C:\\New folder (2)\\Procurement-System\\Server\\src\\utils\\authGuard.ts": {"path":"C:\\New folder (2)\\Procurement-System\\Server\\src\\utils\\authGuard.ts","statementMap":{"0":{"start":{"line":3,"column":0},"end":{"line":3,"column":41}},"1":{"start":{"line":12,"column":18},"end":{"line":33,"column":2}},"2":{"start":{"line":12,"column":76},"end":{"line":33,"column":2}},"3":{"start":{"line":13,"column":20},"end":{"line":13,"column":48}},"4":{"start":{"line":15,"column":2},"end":{"line":19,"column":null}},"5":{"start":{"line":16,"column":4},"end":{"line":18,"column":7}},"6":{"start":{"line":21,"column":2},"end":{"line":32,"column":null}},"7":{"start":{"line":22,"column":4},"end":{"line":22,"column":47}},"8":{"start":{"line":23,"column":20},"end":{"line":24,"column":null}},"9":{"start":{"line":26,"column":4},"end":{"line":26,"column":30}},"10":{"start":{"line":27,"column":4},"end":{"line":27,"column":11}},"11":{"start":{"line":29,"column":4},"end":{"line":31,"column":7}},"12":{"start":{"line":35,"column":0},"end":{"line":35,"column":25}}},"fnMap":{"0":{"name":"(anonymous_8)","decl":{"start":{"line":12,"column":18},"end":{"line":12,"column":25}},"loc":{"start":{"line":12,"column":76},"end":{"line":33,"column":2}}},"1":{"name":"(anonymous_9)","decl":{"start":{"line":12,"column":76},"end":{"line":12,"column":null}},"loc":{"start":{"line":12,"column":76},"end":{"line":33,"column":1}}}},"branchMap":{"0":{"loc":{"start":{"line":15,"column":2},"end":{"line":19,"column":null}},"type":"if","locations":[{"start":{"line":15,"column":2},"end":{"line":19,"column":null}}]}},"s":{"0":0,"1":0,"2":0,"3":0,"4":0,"5":0,"6":0,"7":0,"8":0,"9":0,"10":0,"11":0,"12":0},"f":{"0":0,"1":0},"b":{"0":[0]}}
,"C:\\New folder (2)\\Procurement-System\\Server\\src\\utils\\hasRole.ts": {"path":"C:\\New folder (2)\\Procurement-System\\Server\\src\\utils\\hasRole.ts","statementMap":{"0":{"start":{"line":5,"column":16},"end":{"line":15,"column":1}},"1":{"start":{"line":6,"column":2},"end":{"line":14,"column":4}},"2":{"start":{"line":7,"column":21},"end":{"line":7,"column":41}},"3":{"start":{"line":9,"column":4},"end":{"line":13,"column":null}},"4":{"start":{"line":10,"column":6},"end":{"line":10,"column":13}},"5":{"start":{"line":12,"column":6},"end":{"line":12,"column":60}}},"fnMap":{"0":{"name":"(anonymous_0)","decl":{"start":{"line":5,"column":16},"end":{"line":5,"column":17}},"loc":{"start":{"line":5,"column":36},"end":{"line":15,"column":1}}},"1":{"name":"(anonymous_1)","decl":{"start":{"line":6,"column":9},"end":{"line":6,"column":10}},"loc":{"start":{"line":6,"column":61},"end":{"line":14,"column":3}}}},"branchMap":{"0":{"loc":{"start":{"line":9,"column":4},"end":{"line":13,"column":null}},"type":"if","locations":[{"start":{"line":9,"column":4},"end":{"line":13,"column":null}},{"start":{"line":11,"column":11},"end":{"line":13,"column":null}}]}},"s":{"0":0,"1":0,"2":0,"3":0,"4":0,"5":0},"f":{"0":0,"1":0},"b":{"0":[0,0]}}
,"C:\\New folder (2)\\Procurement-System\\Server\\src\\utils\\types\\IPayload.ts": {"path":"C:\\New folder (2)\\Procurement-System\\Server\\src\\utils\\types\\IPayload.ts","statementMap":{"0":{"start":{"line":7,"column":0},"end":{"line":7,"column":null}},"1":{"start":{"line":8,"column":2},"end":{"line":8,"column":null}},"2":{"start":{"line":9,"column":2},"end":{"line":9,"column":null}},"3":{"start":{"line":10,"column":2},"end":{"line":10,"column":null}},"4":{"start":{"line":11,"column":2},"end":{"line":11,"column":null}},"5":{"start":{"line":12,"column":2},"end":{"line":12,"column":null}},"6":{"start":{"line":13,"column":2},"end":{"line":13,"column":null}}},"fnMap":{"0":{"name":"(anonymous_0)","decl":{"start":{"line":7,"column":0},"end":{"line":7,"column":12}},"loc":{"start":{"line":7,"column":20},"end":{"line":14,"column":1}}}},"branchMap":{"0":{"loc":{"start":{"line":7,"column":12},"end":{"line":7,"column":null}},"type":"binary-expr","locations":[{"start":{"line":7,"column":12},"end":{"line":7,"column":20}},{"start":{"line":7,"column":20},"end":{"line":7,"column":null}}]}},"s":{"0":0,"1":0,"2":0,"3":0,"4":0,"5":0,"6":0},"f":{"0":0},"b":{"0":[0,0]}}
}
