TN:
SF:src\controller\account.controller.ts
FN:7,(anonymous_8)
FN:7,(anonymous_9)
FN:17,(anonymous_10)
FN:17,(anonymous_11)
FN:27,(anonymous_12)
FN:27,(anonymous_13)
FN:37,(anonymous_14)
FN:37,(anonymous_15)
FN:47,(anonymous_16)
FN:47,(anonymous_17)
FN:63,(anonymous_18)
FN:63,(anonymous_19)
FN:77,(anonymous_20)
FN:77,(anonymous_21)
FN:87,(anonymous_22)
FN:87,(anonymous_23)
FN:97,(anonymous_24)
FNF:17
FNH:0
FNDA:0,(anonymous_8)
FNDA:0,(anonymous_9)
FNDA:0,(anonymous_10)
FNDA:0,(anonymous_11)
FNDA:0,(anonymous_12)
FNDA:0,(anonymous_13)
FNDA:0,(anonymous_14)
FNDA:0,(anonymous_15)
FNDA:0,(anonymous_16)
FNDA:0,(anonymous_17)
FNDA:0,(anonymous_18)
FNDA:0,(anonymous_19)
FNDA:0,(anonymous_20)
FNDA:0,(anonymous_21)
FNDA:0,(anonymous_22)
FNDA:0,(anonymous_23)
FNDA:0,(anonymous_24)
DA:3,0
DA:4,0
DA:5,0
DA:7,0
DA:8,0
DA:9,0
DA:10,0
DA:11,0
DA:13,0
DA:17,0
DA:18,0
DA:19,0
DA:20,0
DA:21,0
DA:23,0
DA:27,0
DA:28,0
DA:29,0
DA:30,0
DA:31,0
DA:33,0
DA:37,0
DA:38,0
DA:39,0
DA:40,0
DA:41,0
DA:43,0
DA:47,0
DA:48,0
DA:49,0
DA:50,0
DA:52,0
DA:56,0
DA:57,0
DA:59,0
DA:63,0
DA:64,0
DA:65,0
DA:66,0
DA:67,0
DA:68,0
DA:70,0
DA:73,0
DA:77,0
DA:78,0
DA:79,0
DA:80,0
DA:81,0
DA:83,0
DA:87,0
DA:88,0
DA:89,0
DA:90,0
DA:91,0
DA:93,0
DA:97,0
DA:99,0
LF:57
LH:0
BRDA:67,0,0,0
BRDA:67,0,1,0
BRDA:91,1,0,0
BRDA:91,1,1,0
BRDA:91,2,0,0
BRDA:91,2,1,0
BRF:6
BRH:0
end_of_record
TN:
SF:src\controller\cart.controller.ts
FN:5,(anonymous_8)
FN:5,(anonymous_9)
FN:16,(anonymous_10)
FN:16,(anonymous_11)
FN:26,(anonymous_12)
FN:26,(anonymous_13)
FN:37,(anonymous_14)
FN:37,(anonymous_15)
FNF:8
FNH:0
FNDA:0,(anonymous_8)
FNDA:0,(anonymous_9)
FNDA:0,(anonymous_10)
FNDA:0,(anonymous_11)
FNDA:0,(anonymous_12)
FNDA:0,(anonymous_13)
FNDA:0,(anonymous_14)
FNDA:0,(anonymous_15)
DA:2,0
DA:3,0
DA:5,0
DA:6,0
DA:7,0
DA:8,0
DA:9,0
DA:10,0
DA:12,0
DA:16,0
DA:17,0
DA:18,0
DA:19,0
DA:20,0
DA:22,0
DA:26,0
DA:27,0
DA:28,0
DA:29,0
DA:31,0
DA:33,0
DA:37,0
DA:38,0
DA:39,0
DA:40,0
DA:41,0
DA:42,0
DA:44,0
DA:48,0
LF:29
LH:0
BRF:0
BRH:0
end_of_record
TN:
SF:src\controller\item.controller.ts
FN:5,(anonymous_8)
FN:5,(anonymous_9)
FN:17,(anonymous_10)
FN:17,(anonymous_11)
FN:28,(anonymous_12)
FN:28,(anonymous_13)
FN:40,(anonymous_14)
FN:40,(anonymous_15)
FN:54,(anonymous_16)
FN:54,(anonymous_17)
FNF:10
FNH:0
FNDA:0,(anonymous_8)
FNDA:0,(anonymous_9)
FNDA:0,(anonymous_10)
FNDA:0,(anonymous_11)
FNDA:0,(anonymous_12)
FNDA:0,(anonymous_13)
FNDA:0,(anonymous_14)
FNDA:0,(anonymous_15)
FNDA:0,(anonymous_16)
FNDA:0,(anonymous_17)
DA:2,0
DA:5,0
DA:6,0
DA:7,0
DA:8,0
DA:9,0
DA:10,0
DA:12,0
DA:17,0
DA:18,0
DA:19,0
DA:20,0
DA:21,0
DA:23,0
DA:28,0
DA:29,0
DA:30,0
DA:31,0
DA:32,0
DA:33,0
DA:35,0
DA:40,0
DA:41,0
DA:42,0
DA:43,0
DA:44,0
DA:45,0
DA:47,0
DA:50,0
DA:54,0
DA:55,0
DA:56,0
DA:57,0
DA:58,0
DA:60,0
DA:64,0
LF:36
LH:0
BRDA:44,0,0,0
BRDA:44,0,1,0
BRF:2
BRH:0
end_of_record
TN:
SF:src\controller\note.controller.ts
FN:4,(anonymous_8)
FN:4,(anonymous_9)
FN:15,(anonymous_10)
FN:15,(anonymous_11)
FNF:4
FNH:0
FNDA:0,(anonymous_8)
FNDA:0,(anonymous_9)
FNDA:0,(anonymous_10)
FNDA:0,(anonymous_11)
DA:2,0
DA:4,0
DA:5,0
DA:6,0
DA:7,0
DA:8,0
DA:9,0
DA:11,0
DA:15,0
DA:16,0
DA:17,0
DA:19,0
DA:20,0
DA:22,0
DA:25,0
DA:29,0
LF:16
LH:0
BRDA:19,0,0,0
BRDA:19,0,1,0
BRDA:19,1,0,0
BRDA:19,1,1,0
BRF:4
BRH:0
end_of_record
TN:
SF:src\controller\order.controller.ts
FN:8,(anonymous_8)
FN:21,(anonymous_9)
FN:21,(anonymous_10)
FN:33,(anonymous_11)
FN:33,(anonymous_12)
FN:44,(anonymous_13)
FN:44,(anonymous_14)
FN:56,(anonymous_15)
FN:56,(anonymous_16)
FN:66,(anonymous_17)
FN:66,(anonymous_18)
FN:77,(anonymous_19)
FN:77,(anonymous_20)
FN:87,(anonymous_21)
FN:87,(anonymous_22)
FN:97,(anonymous_23)
FN:97,(anonymous_24)
FNF:17
FNH:0
FNDA:0,(anonymous_8)
FNDA:0,(anonymous_9)
FNDA:0,(anonymous_10)
FNDA:0,(anonymous_11)
FNDA:0,(anonymous_12)
FNDA:0,(anonymous_13)
FNDA:0,(anonymous_14)
FNDA:0,(anonymous_15)
FNDA:0,(anonymous_16)
FNDA:0,(anonymous_17)
FNDA:0,(anonymous_18)
FNDA:0,(anonymous_19)
FNDA:0,(anonymous_20)
FNDA:0,(anonymous_21)
FNDA:0,(anonymous_22)
FNDA:0,(anonymous_23)
FNDA:0,(anonymous_24)
DA:2,0
DA:3,0
DA:8,0
DA:9,0
DA:10,0
DA:12,0
DA:13,0
DA:15,0
DA:17,0
DA:21,0
DA:22,0
DA:23,0
DA:24,0
DA:25,0
DA:26,0
DA:27,0
DA:29,0
DA:33,0
DA:34,0
DA:35,0
DA:37,0
DA:38,0
DA:40,0
DA:44,0
DA:45,0
DA:46,0
DA:47,0
DA:49,0
DA:50,0
DA:52,0
DA:56,0
DA:57,0
DA:58,0
DA:59,0
DA:60,0
DA:62,0
DA:66,0
DA:67,0
DA:68,0
DA:70,0
DA:71,0
DA:73,0
DA:77,0
DA:78,0
DA:79,0
DA:80,0
DA:81,0
DA:83,0
DA:87,0
DA:88,0
DA:89,0
DA:90,0
DA:92,0
DA:97,0
DA:98,0
DA:99,0
DA:101,0
DA:102,0
DA:104,0
DA:107,0
DA:111,0
LF:61
LH:0
BRDA:101,0,0,0
BRDA:101,0,1,0
BRDA:101,1,0,0
BRDA:101,1,1,0
BRF:4
BRH:0
end_of_record
TN:
SF:src\controller\payment.controller.ts
FN:7,(anonymous_8)
FN:7,(anonymous_9)
FN:18,(anonymous_10)
FN:18,(anonymous_11)
FN:28,(anonymous_12)
FN:28,(anonymous_13)
FN:45,(anonymous_14)
FNF:7
FNH:0
FNDA:0,(anonymous_8)
FNDA:0,(anonymous_9)
FNDA:0,(anonymous_10)
FNDA:0,(anonymous_11)
FNDA:0,(anonymous_12)
FNDA:0,(anonymous_13)
FNDA:0,(anonymous_14)
DA:2,0
DA:5,0
DA:7,0
DA:8,0
DA:9,0
DA:10,0
DA:11,0
DA:12,0
DA:14,0
DA:18,0
DA:19,0
DA:20,0
DA:21,0
DA:22,0
DA:24,0
DA:28,0
DA:29,0
DA:30,0
DA:31,0
DA:32,0
DA:33,0
DA:35,0
DA:45,0
DA:46,0
DA:47,0
DA:49,0
DA:51,0
DA:53,0
DA:57,0
LF:29
LH:0
BRF:0
BRH:0
end_of_record
TN:
SF:src\controller\site.controller.ts
FN:6,(anonymous_8)
FN:6,(anonymous_9)
FN:16,(anonymous_10)
FN:16,(anonymous_11)
FN:25,(anonymous_12)
FN:25,(anonymous_13)
FN:36,(anonymous_14)
FN:36,(anonymous_15)
FN:50,(anonymous_16)
FN:50,(anonymous_17)
FN:72,(anonymous_18)
FN:72,(anonymous_19)
FN:85,(anonymous_20)
FN:85,(anonymous_21)
FNF:14
FNH:0
FNDA:0,(anonymous_8)
FNDA:0,(anonymous_9)
FNDA:0,(anonymous_10)
FNDA:0,(anonymous_11)
FNDA:0,(anonymous_12)
FNDA:0,(anonymous_13)
FNDA:0,(anonymous_14)
FNDA:0,(anonymous_15)
FNDA:0,(anonymous_16)
FNDA:0,(anonymous_17)
FNDA:0,(anonymous_18)
FNDA:0,(anonymous_19)
FNDA:0,(anonymous_20)
FNDA:0,(anonymous_21)
DA:2,0
DA:3,0
DA:6,0
DA:7,0
DA:8,0
DA:9,0
DA:10,0
DA:12,0
DA:16,0
DA:17,0
DA:18,0
DA:19,0
DA:21,0
DA:25,0
DA:26,0
DA:27,0
DA:28,0
DA:29,0
DA:30,0
DA:32,0
DA:36,0
DA:37,0
DA:38,0
DA:40,0
DA:41,0
DA:43,0
DA:46,0
DA:50,0
DA:51,0
DA:52,0
DA:53,0
DA:62,0
DA:63,0
DA:65,0
DA:68,0
DA:72,0
DA:73,0
DA:74,0
DA:76,0
DA:77,0
DA:79,0
DA:82,0
DA:85,0
DA:86,0
DA:87,0
DA:88,0
DA:90,0
DA:91,0
DA:93,0
DA:96,0
DA:100,0
LF:51
LH:0
BRDA:40,0,0,0
BRDA:40,0,1,0
BRDA:40,1,0,0
BRDA:40,1,1,0
BRDA:62,2,0,0
BRDA:62,2,1,0
BRDA:76,3,0,0
BRDA:76,3,1,0
BRDA:76,4,0,0
BRDA:76,4,1,0
BRDA:90,5,0,0
BRDA:90,5,1,0
BRF:12
BRH:0
end_of_record
TN:
SF:src\models\account\account.model.ts
FNF:0
FNH:0
DA:1,0
DA:3,0
DA:5,0
DA:38,0
DA:39,0
LF:5
LH:0
BRF:0
BRH:0
end_of_record
TN:
SF:src\models\budgetForm\IBudget.ts
FN:9,(anonymous_0)
FNF:1
FNH:0
FNDA:0,(anonymous_0)
DA:9,0
DA:10,0
DA:11,0
DA:12,0
LF:4
LH:0
BRDA:9,0,0,0
BRDA:9,0,1,0
BRF:2
BRH:0
end_of_record
TN:
SF:src\models\budgetForm\budgetForm.ts
FNF:0
FNH:0
DA:1,0
DA:2,0
DA:4,0
DA:6,0
DA:36,0
DA:37,0
LF:6
LH:0
BRF:0
BRH:0
end_of_record
TN:
SF:src\models\cart\cart.model.ts
FNF:0
FNH:0
DA:1,0
DA:3,0
DA:30,0
DA:31,0
LF:4
LH:0
BRF:0
BRH:0
end_of_record
TN:
SF:src\models\deliveryNotice\note.model.ts
FNF:0
FNH:0
DA:1,0
DA:3,0
DA:5,0
DA:29,0
DA:30,0
LF:5
LH:0
BRF:0
BRH:0
end_of_record
TN:
SF:src\models\item\item.model.ts
FNF:0
FNH:0
DA:1,0
DA:3,0
DA:5,0
DA:39,0
DA:40,0
LF:5
LH:0
BRF:0
BRH:0
end_of_record
TN:
SF:src\models\order\OrderStatus.ts
FN:1,(anonymous_0)
FNF:1
FNH:0
FNDA:0,(anonymous_0)
DA:1,0
DA:2,0
DA:3,0
DA:4,0
DA:5,0
DA:6,0
DA:7,0
DA:8,0
DA:9,0
DA:10,0
DA:11,0
LF:11
LH:0
BRDA:1,0,0,0
BRDA:1,0,1,0
BRF:2
BRH:0
end_of_record
TN:
SF:src\models\order\order.model.ts
FNF:0
FNH:0
DA:1,0
DA:2,0
DA:4,0
DA:65,0
DA:66,0
LF:5
LH:0
BRF:0
BRH:0
end_of_record
TN:
SF:src\models\orderRecipt\orderRecipt.model.ts
FNF:0
FNH:0
DA:1,0
DA:4,0
DA:30,0
DA:31,0
LF:4
LH:0
BRF:0
BRH:0
end_of_record
TN:
SF:src\models\payment\payment.model.ts
FNF:0
FNH:0
DA:1,0
DA:3,0
DA:5,0
DA:27,0
DA:28,0
LF:5
LH:0
BRF:0
BRH:0
end_of_record
TN:
SF:src\models\paymentItem\paymentItem.model.ts
FNF:0
FNH:0
DA:1,0
DA:3,0
DA:5,0
DA:31,0
DA:32,0
LF:5
LH:0
BRF:0
BRH:0
end_of_record
TN:
SF:src\models\site\site.model.ts
FNF:0
FNH:0
DA:1,0
DA:3,0
DA:5,0
DA:23,0
DA:24,0
LF:5
LH:0
BRF:0
BRH:0
end_of_record
TN:
SF:src\routes\account.route.ts
FNF:0
FNH:0
DA:1,0
DA:2,0
DA:3,0
DA:5,0
DA:7,0
DA:8,0
DA:9,0
DA:13,0
DA:17,0
DA:18,0
DA:19,0
DA:23,0
LF:12
LH:0
BRF:0
BRH:0
end_of_record
TN:
SF:src\routes\cart.route.ts
FNF:0
FNH:0
DA:1,0
DA:2,0
DA:4,0
DA:6,0
DA:7,0
DA:8,0
DA:9,0
LF:7
LH:0
BRF:0
BRH:0
end_of_record
TN:
SF:src\routes\item.route.ts
FNF:0
FNH:0
DA:1,0
DA:2,0
DA:4,0
DA:6,0
DA:7,0
DA:8,0
DA:9,0
DA:10,0
LF:8
LH:0
BRF:0
BRH:0
end_of_record
TN:
SF:src\routes\note.route.ts
FNF:0
FNH:0
DA:1,0
DA:2,0
DA:4,0
DA:7,0
DA:10,0
DA:12,0
LF:6
LH:0
BRF:0
BRH:0
end_of_record
TN:
SF:src\routes\order.route.ts
FNF:0
FNH:0
DA:1,0
DA:2,0
DA:3,0
DA:6,0
DA:8,0
DA:9,0
DA:10,0
DA:15,0
DA:20,0
DA:21,0
DA:26,0
DA:31,0
DA:35,0
LF:13
LH:0
BRF:0
BRH:0
end_of_record
TN:
SF:src\routes\payment.route.ts
FNF:0
FNH:0
DA:1,0
DA:2,0
DA:3,0
DA:4,0
DA:6,0
DA:7,0
DA:11,0
DA:12,0
LF:8
LH:0
BRF:0
BRH:0
end_of_record
TN:
SF:src\routes\site.route.ts
FNF:0
FNH:0
DA:1,0
DA:2,0
DA:3,0
DA:4,0
DA:6,0
DA:7,0
DA:8,0
DA:10,0
DA:11,0
DA:14,0
DA:15,0
LF:11
LH:0
BRF:0
BRH:0
end_of_record
TN:
SF:src\services\account.service.ts
FN:3,findAccountByCatogory
FN:14,findItemsByUserName
FN:26,updateAccount
FN:48,deleteAccount
FN:61,splitFullName
FNF:5
FNH:0
FNDA:0,findAccountByCatogory
FNDA:0,findItemsByUserName
FNDA:0,updateAccount
FNDA:0,deleteAccount
FNDA:0,splitFullName
DA:1,0
DA:4,0
DA:5,0
DA:6,0
DA:7,0
DA:8,0
DA:10,0
DA:15,0
DA:16,0
DA:17,0
DA:18,0
DA:19,0
DA:20,0
DA:22,0
DA:30,0
DA:31,0
DA:32,0
DA:33,0
DA:38,0
DA:39,0
DA:40,0
DA:42,0
DA:44,0
DA:49,0
DA:50,0
DA:51,0
DA:52,0
DA:54,0
DA:56,0
DA:65,0
DA:66,0
DA:67,0
DA:68,0
DA:70,0
DA:74,0
LF:35
LH:0
BRDA:39,0,0,0
BRDA:51,1,0,0
BRDA:66,2,0,0
BRDA:66,2,1,0
BRF:4
BRH:0
end_of_record
TN:
SF:src\services\cart.service.ts
FN:3,(anonymous_8)
FN:3,(anonymous_9)
FN:12,getCartItems
FN:23,clearCart
FN:33,updateCartItem
FNF:5
FNH:0
FNDA:0,(anonymous_8)
FNDA:0,(anonymous_9)
FNDA:0,getCartItems
FNDA:0,clearCart
FNDA:0,updateCartItem
DA:1,0
DA:3,0
DA:4,0
DA:5,0
DA:6,0
DA:8,0
DA:13,0
DA:14,0
DA:15,0
DA:16,0
DA:17,0
DA:19,0
DA:24,0
DA:25,0
DA:27,0
DA:29,0
DA:34,0
DA:35,0
DA:37,0
DA:38,0
DA:40,0
DA:42,0
DA:46,0
LF:23
LH:0
BRDA:37,0,0,0
BRF:1
BRH:0
end_of_record
TN:
SF:src\services\deliveryNote.Service.ts
FN:5,(anonymous_8)
FN:5,(anonymous_9)
FN:18,getAllNotes
FNF:3
FNH:0
FNDA:0,(anonymous_8)
FNDA:0,(anonymous_9)
FNDA:0,getAllNotes
DA:2,0
DA:5,0
DA:6,0
DA:11,0
DA:12,0
DA:14,0
DA:19,0
DA:20,0
DA:21,0
DA:23,0
DA:27,0
LF:11
LH:0
BRF:0
BRH:0
end_of_record
TN:
SF:src\services\item.service.ts
FN:6,insertItem
FN:36,findItemsByName
FN:49,getAllItems
FN:62,updateItem
FN:79,deleteItem
FNF:5
FNH:0
FNDA:0,insertItem
FNDA:0,findItemsByName
FNDA:0,getAllItems
FNDA:0,updateItem
FNDA:0,deleteItem
DA:1,0
DA:3,0
DA:7,0
DA:8,0
DA:10,0
DA:13,0
DA:14,0
DA:15,0
DA:19,0
DA:23,0
DA:24,0
DA:26,0
DA:28,0
DA:29,0
DA:31,0
DA:37,0
DA:38,0
DA:40,0
DA:41,0
DA:42,0
DA:44,0
DA:50,0
DA:51,0
DA:53,0
DA:54,0
DA:55,0
DA:57,0
DA:63,0
DA:65,0
DA:69,0
DA:70,0
DA:72,0
DA:74,0
DA:80,0
DA:82,0
DA:84,0
DA:85,0
DA:88,0
DA:90,0
DA:95,0
LF:40
LH:0
BRDA:14,0,0,0
BRDA:23,1,0,0
BRDA:69,2,0,0
BRDA:84,3,0,0
BRF:4
BRH:0
end_of_record
TN:
SF:src\services\order.service.ts
FN:7,(anonymous_8)
FN:36,(anonymous_9)
FN:48,(anonymous_10)
FN:48,(anonymous_11)
FN:57,(anonymous_12)
FN:57,(anonymous_13)
FN:65,(anonymous_14)
FN:65,(anonymous_15)
FN:88,(anonymous_16)
FN:88,(anonymous_17)
FN:98,(anonymous_18)
FN:98,(anonymous_19)
FN:111,(anonymous_20)
FN:111,(anonymous_21)
FN:125,(anonymous_22)
FN:125,(anonymous_23)
FN:151,(anonymous_24)
FN:166,(anonymous_25)
FN:166,(anonymous_26)
FN:175,(anonymous_27)
FN:175,(anonymous_28)
FN:189,getAllOrders
FNF:22
FNH:0
FNDA:0,(anonymous_8)
FNDA:0,(anonymous_9)
FNDA:0,(anonymous_10)
FNDA:0,(anonymous_11)
FNDA:0,(anonymous_12)
FNDA:0,(anonymous_13)
FNDA:0,(anonymous_14)
FNDA:0,(anonymous_15)
FNDA:0,(anonymous_16)
FNDA:0,(anonymous_17)
FNDA:0,(anonymous_18)
FNDA:0,(anonymous_19)
FNDA:0,(anonymous_20)
FNDA:0,(anonymous_21)
FNDA:0,(anonymous_22)
FNDA:0,(anonymous_23)
FNDA:0,(anonymous_24)
FNDA:0,(anonymous_25)
FNDA:0,(anonymous_26)
FNDA:0,(anonymous_27)
FNDA:0,(anonymous_28)
FNDA:0,getAllOrders
DA:1,0
DA:2,0
DA:3,0
DA:7,0
DA:8,0
DA:9,0
DA:10,0
DA:12,0
DA:13,0
DA:14,0
DA:22,0
DA:36,0
DA:37,0
DA:38,0
DA:40,0
DA:44,0
DA:48,0
DA:49,0
DA:50,0
DA:51,0
DA:53,0
DA:57,0
DA:58,0
DA:59,0
DA:60,0
DA:62,0
DA:65,0
DA:66,0
DA:67,0
DA:68,0
DA:69,0
DA:70,0
DA:72,0
DA:74,0
DA:75,0
DA:77,0
DA:82,0
DA:84,0
DA:88,0
DA:89,0
DA:90,0
DA:91,0
DA:93,0
DA:98,0
DA:99,0
DA:100,0
DA:101,0
DA:105,0
DA:107,0
DA:111,0
DA:112,0
DA:113,0
DA:115,0
DA:116,0
DA:118,0
DA:119,0
DA:121,0
DA:125,0
DA:126,0
DA:127,0
DA:128,0
DA:129,0
DA:130,0
DA:131,0
DA:132,0
DA:133,0
DA:135,0
DA:137,0
DA:138,0
DA:141,0
DA:143,0
DA:149,0
DA:151,0
DA:152,0
DA:154,0
DA:156,0
DA:162,0
DA:166,0
DA:167,0
DA:168,0
DA:169,0
DA:171,0
DA:175,0
DA:176,0
DA:177,0
DA:178,0
DA:179,0
DA:180,0
DA:181,0
DA:182,0
DA:184,0
DA:190,0
DA:191,0
DA:192,0
DA:194,0
DA:199,0
LF:96
LH:0
BRDA:9,0,0,0
BRDA:37,1,0,0
BRDA:37,1,1,0
BRDA:74,2,0,0
BRDA:115,3,0,0
BRDA:137,4,0,0
BRF:6
BRH:0
end_of_record
TN:
SF:src\services\payment.service.ts
FN:7,insertPayment
FN:25,(anonymous_10)
FN:25,(anonymous_11)
FN:38,(anonymous_12)
FN:38,(anonymous_13)
FNF:5
FNH:0
FNDA:0,insertPayment
FNDA:0,(anonymous_10)
FNDA:0,(anonymous_11)
FNDA:0,(anonymous_12)
FNDA:0,(anonymous_13)
DA:1,0
DA:2,0
DA:3,0
DA:5,0
DA:8,0
DA:9,0
DA:10,0
DA:11,0
DA:12,0
DA:14,0
DA:15,0
DA:18,0
DA:19,0
DA:21,0
DA:25,0
DA:26,0
DA:27,0
DA:28,0
DA:29,0
DA:31,0
DA:32,0
DA:34,0
DA:38,0
DA:39,0
DA:40,0
DA:42,0
DA:43,0
DA:46,0
DA:47,0
DA:49,0
DA:53,0
LF:31
LH:0
BRDA:11,0,0,0
BRDA:14,1,0,0
BRDA:28,2,0,0
BRDA:42,3,0,0
BRF:4
BRH:0
end_of_record
TN:
SF:src\services\site.service.ts
FN:7,insertSite
FN:21,(anonymous_10)
FN:21,(anonymous_11)
FN:30,(anonymous_12)
FN:30,(anonymous_13)
FN:47,approveBudget
FN:70,getAllBudgetRequests
FN:80,getAllApprovedBudget
FN:90,rejectBudget
FNF:9
FNH:0
FNDA:0,insertSite
FNDA:0,(anonymous_10)
FNDA:0,(anonymous_11)
FNDA:0,(anonymous_12)
FNDA:0,(anonymous_13)
FNDA:0,approveBudget
FNDA:0,getAllBudgetRequests
FNDA:0,getAllApprovedBudget
FNDA:0,rejectBudget
DA:1,0
DA:3,0
DA:5,0
DA:8,0
DA:9,0
DA:10,0
DA:11,0
DA:14,0
DA:15,0
DA:17,0
DA:21,0
DA:22,0
DA:23,0
DA:24,0
DA:26,0
DA:30,0
DA:31,0
DA:32,0
DA:33,0
DA:35,0
DA:36,0
DA:39,0
DA:40,0
DA:42,0
DA:53,0
DA:54,0
DA:58,0
DA:59,0
DA:60,0
DA:62,0
DA:63,0
DA:65,0
DA:71,0
DA:72,0
DA:73,0
DA:75,0
DA:81,0
DA:82,0
DA:83,0
DA:85,0
DA:91,0
DA:92,0
DA:94,0
DA:95,0
DA:98,0
DA:100,0
DA:104,0
LF:47
LH:0
BRDA:10,0,0,0
BRDA:35,1,0,0
BRDA:59,2,0,0
BRDA:94,3,0,0
BRF:4
BRH:0
end_of_record
TN:
SF:src\utils\auth.service.ts
FN:7,createPasswordHash
FN:11,validatePassword
FN:15,getToken
FN:37,verifyToken
FN:48,login
FN:65,register
FNF:6
FNH:0
FNDA:0,createPasswordHash
FNDA:0,validatePassword
FNDA:0,getToken
FNDA:0,verifyToken
FNDA:0,login
FNDA:0,register
DA:1,0
DA:2,0
DA:5,0
DA:8,0
DA:12,0
DA:16,0
DA:17,0
DA:18,0
DA:19,0
DA:22,0
DA:23,0
DA:24,0
DA:27,0
DA:28,0
DA:33,0
DA:38,0
DA:39,0
DA:40,0
DA:41,0
DA:42,0
DA:44,0
DA:49,0
DA:51,0
DA:52,0
DA:54,0
DA:56,0
DA:62,0
DA:66,0
DA:67,0
DA:69,0
DA:70,0
DA:71,0
DA:74,0
DA:75,0
DA:77,0
DA:78,0
DA:80,0
DA:81,0
DA:83,0
DA:87,0
LF:40
LH:0
BRDA:18,0,0,0
BRDA:51,1,0,0
BRDA:70,2,0,0
BRF:3
BRH:0
end_of_record
TN:
SF:src\utils\authGuard.ts
FN:12,(anonymous_8)
FN:12,(anonymous_9)
FNF:2
FNH:0
FNDA:0,(anonymous_8)
FNDA:0,(anonymous_9)
DA:3,0
DA:12,0
DA:13,0
DA:15,0
DA:16,0
DA:21,0
DA:22,0
DA:23,0
DA:26,0
DA:27,0
DA:29,0
DA:35,0
LF:12
LH:0
BRDA:15,0,0,0
BRF:1
BRH:0
end_of_record
TN:
SF:src\utils\hasRole.ts
FN:5,(anonymous_0)
FN:6,(anonymous_1)
FNF:2
FNH:0
FNDA:0,(anonymous_0)
FNDA:0,(anonymous_1)
DA:5,0
DA:6,0
DA:7,0
DA:9,0
DA:10,0
DA:12,0
LF:6
LH:0
BRDA:9,0,0,0
BRDA:9,0,1,0
BRF:2
BRH:0
end_of_record
TN:
SF:src\utils\types\IPayload.ts
FN:7,(anonymous_0)
FNF:1
FNH:0
FNDA:0,(anonymous_0)
DA:7,0
DA:8,0
DA:9,0
DA:10,0
DA:11,0
DA:12,0
DA:13,0
LF:7
LH:0
BRDA:7,0,0,0
BRDA:7,0,1,0
BRF:2
BRH:0
end_of_record
